2025-04-23 05:45:13 - Login attempt for: admin
User found: admin - Stored password hash: $2y$10$JpZJdHuaXNwGE3kwoL7vzOc...
password_verify result: FALSE
2025-04-23 05:45:20 - Login attempt for: admin
User found: admin - Stored password hash: $2y$10$JpZJdHuaXNwGE3kwoL7vzOc...
password_verify result: FALSE
2025-04-23 05:51:23 - Login attempt for: admin
User found: admin - Stored password hash: $2y$10$Ew.3ElCAcdao2x7PhflfeuM...
password_verify result: TRUE
2025-04-23 06:08:31 - Login attempt for: admin
User found: admin - Stored password hash: $2y$10$kOCkuA0Dck1NadGnlkDRkOf...
password_verify result: TRUE
2025-04-23 06:09:47 - Login attempt for: admin
User found: admin - Stored password hash: $2y$10$kOCkuA0Dck1NadGnlkDRkOf...
password_verify result: TRUE
2025-04-23 06:10:04 - Login attempt for: admin
User found: admin - Stored password hash: $2y$10$kOCkuA0Dck1NadGnlkDRkOf...
password_verify result: TRUE
2025-04-25 07:06:26 - Login attempt for: admin
User found: admin - Stored password hash: $2y$10$JpZJdHuaXNwGE3kwoL7vzOc...
password_verify result: FALSE
2025-04-25 07:06:27 - Login attempt for: admin
User found: admin - Stored password hash: $2y$10$JpZJdHuaXNwGE3kwoL7vzOc...
password_verify result: FALSE
2025-04-25 07:06:28 - Login attempt for: admin
User found: admin - Stored password hash: $2y$10$JpZJdHuaXNwGE3kwoL7vzOc...
password_verify result: FALSE
2025-04-25 07:06:33 - Login attempt for: admin
User found: admin - Stored password hash: $2y$10$JpZJdHuaXNwGE3kwoL7vzOc...
password_verify result: FALSE
2025-04-25 07:09:32 - Login attempt for: admin
User found: admin - Stored password hash: $2y$10$JpZJdHuaXNwGE3kwoL7vzOc...
password_verify result: FALSE
2025-04-25 07:09:38 - Login attempt for: admin
User found: admin - Stored password hash: $2y$10$JpZJdHuaXNwGE3kwoL7vzOc...
password_verify result: FALSE
2025-04-25 07:10:37 - Login attempt for: admin
User found: admin - Stored password hash: $2y$10$JpZJdHuaXNwGE3kwoL7vzOc...
password_verify result: FALSE
2025-04-25 07:10:37 - Login attempt for: admin
User found: admin - Stored password hash: $2y$10$JpZJdHuaXNwGE3kwoL7vzOc...
password_verify result: FALSE
2025-04-25 07:14:19 - Login attempt for: admin
User found: admin - Stored password hash: $2y$10$jsAlIaV.tOg3/CsHA2w/i.3...
password_verify result: TRUE
2025-04-25 07:18:22 - Login attempt for: sv001
User found: sv001 - Stored password hash: $2y$10$JpZJdHuaXNwGE3kwoL7vzOc...
password_verify result: FALSE
2025-04-25 07:26:18 - Login attempt for: sv001
User found: sv001 - Stored password hash: $2y$10$JZjC65Hyw/8QVXNVonR2N.T...
password_verify result: TRUE
2025-04-25 07:43:45 - Login attempt for: sv001
User found: sv001 - Stored password hash: $2y$10$JZjC65Hyw/8QVXNVonR2N.T...
password_verify result: TRUE
2025-04-25 07:50:45 - Login attempt for: sv001
User found: sv001 - Stored password hash: $2y$10$JZjC65Hyw/8QVXNVonR2N.T...
password_verify result: TRUE
2025-04-25 08:03:43 - Login attempt for: sv001
User found: sv001 - Stored password hash: $2y$10$JZjC65Hyw/8QVXNVonR2N.T...
password_verify result: TRUE
2025-04-25 08:03:52 - Login attempt for: sv001
User found: sv001 - Stored password hash: $2y$10$JZjC65Hyw/8QVXNVonR2N.T...
password_verify result: TRUE
2025-04-25 08:07:31 - Login attempt for: sv001
User found: sv001 - Stored password hash: $2y$10$JZjC65Hyw/8QVXNVonR2N.T...
password_verify result: TRUE
2025-04-25 08:07:53 - Login attempt for: sv001
User found: sv001 - Stored password hash: $2y$10$JZjC65Hyw/8QVXNVonR2N.T...
password_verify result: TRUE
2025-04-25 08:11:05 - Login attempt for: sv001
User found: sv001 - Stored password hash: $2y$10$JZjC65Hyw/8QVXNVonR2N.T...
password_verify result: TRUE
2025-04-25 08:24:08 - Login attempt for: sv001
User found: sv001 - Stored password hash: $2y$10$JZjC65Hyw/8QVXNVonR2N.T...
password_verify result: TRUE
2025-04-27 04:18:17 - Login attempt for: sv001
User found: sv001 - Stored password hash: $2y$10$JZjC65Hyw/8QVXNVonR2N.T...
password_verify result: TRUE
2025-04-27 04:18:36 - Login attempt for: sv001
User found: sv001 - Stored password hash: $2y$10$JZjC65Hyw/8QVXNVonR2N.T...
password_verify result: TRUE
2025-04-27 04:32:00 - Login attempt for: admin
User found: admin - Stored password hash: $2y$10$m05RJxi89YAit60HaDJNw.r...
password_verify result: TRUE
2025-04-27 04:33:12 - Login attempt for: sv001
User found: sv001 - Stored password hash: $2y$10$JZjC65Hyw/8QVXNVonR2N.T...
password_verify result: TRUE
2025-04-27 04:50:17 - Login attempt for: sv001
User found: sv001 - Stored password hash: $2y$10$JZjC65Hyw/8QVXNVonR2N.T...
2025-04-27 04:50:17 - Login attempt for: sv001
User found: sv001 - Stored password hash: $2y$10$JZjC65Hyw/8QVXNVonR2N.T...
password_verify result: FALSE
password_verify result: FALSE
2025-04-27 04:50:19 - Login attempt for: sv001
User found: sv001 - Stored password hash: $2y$10$JZjC65Hyw/8QVXNVonR2N.T...
password_verify result: TRUE
2025-04-27 05:04:32 - Login attempt for: sv001
User found: sv001 - Stored password hash: $2y$10$JZjC65Hyw/8QVXNVonR2N.T...
password_verify result: TRUE
2025-04-27 05:04:33 - Login attempt for: sv001
User found: sv001 - Stored password hash: $2y$10$JZjC65Hyw/8QVXNVonR2N.T...
password_verify result: TRUE
2025-04-27 05:04:33 - Login attempt for: sv001
User found: sv001 - Stored password hash: $2y$10$JZjC65Hyw/8QVXNVonR2N.T...
password_verify result: TRUE
2025-04-27 05:04:33 - Login attempt for: sv001
User found: sv001 - Stored password hash: $2y$10$JZjC65Hyw/8QVXNVonR2N.T...
password_verify result: TRUE
2025-04-27 05:04:34 - Login attempt for: sv001
User found: sv001 - Stored password hash: $2y$10$JZjC65Hyw/8QVXNVonR2N.T...
password_verify result: TRUE
2025-04-27 05:04:42 - Login attempt for: sv001
User found: sv001 - Stored password hash: $2y$10$JZjC65Hyw/8QVXNVonR2N.T...
password_verify result: TRUE
2025-04-27 05:16:10 - Login attempt for: sv001
User found: sv001 - Stored password hash: $2y$10$JZjC65Hyw/8QVXNVonR2N.T...
password_verify result: TRUE
2025-04-27 05:18:45 - Login attempt for: sv001
User found: sv001 - Stored password hash: $2y$10$JZjC65Hyw/8QVXNVonR2N.T...
password_verify result: TRUE
2025-04-27 05:26:05 - Login attempt for: sv001
User found: sv001 - Stored password hash: $2y$10$JZjC65Hyw/8QVXNVonR2N.T...
password_verify result: TRUE
2025-04-27 05:28:02 - Login attempt for: admin
User found: admin - Stored password hash: $2y$10$m05RJxi89YAit60HaDJNw.r...
password_verify result: TRUE
2025-04-27 05:28:14 - Login attempt for: sv001
User found: sv001 - Stored password hash: $2y$10$JZjC65Hyw/8QVXNVonR2N.T...
password_verify result: TRUE
2025-05-09 08:02:32 - Login attempt for: admin
User found: admin - Stored password hash: $2y$10$JpZJdHuaXNwGE3kwoL7vzOc...
password_verify result: FALSE
2025-05-09 08:02:49 - Login attempt for: admin
User found: admin - Stored password hash: $2y$10$JpZJdHuaXNwGE3kwoL7vzOc...
password_verify result: FALSE
2025-05-09 08:07:28 - Login attempt for: admin
User found: admin - Stored password hash: $2y$10$0otKG.ExvgfFQRZp5QaQtOd...
password_verify result: TRUE
2025-05-09 08:07:36 - Login attempt for: sv001
User found: sv001 - Stored password hash: $2y$10$HRjwHlFyj.PnKHmvl6GktuH...
password_verify result: TRUE
2025-05-09 08:25:41 - Login attempt for: vananh
User found: vananh - Stored password hash: $2y$10$zF8aGdFhTeWJexp0YatwVeX...
password_verify result: TRUE
2025-05-09 09:07:38 - Login attempt for: sv001
User found: sv001 - Stored password hash: $2y$10$HRjwHlFyj.PnKHmvl6GktuH...
password_verify result: TRUE
2025-05-09 09:07:54 - Login attempt for: sv001
User found: sv001 - Stored password hash: $2y$10$HRjwHlFyj.PnKHmvl6GktuH...
password_verify result: TRUE
2025-05-09 09:16:49 - Login attempt for: sv001
User found: sv001 - Stored password hash: $2y$10$HRjwHlFyj.PnKHmvl6GktuH...
password_verify result: TRUE
2025-05-09 09:30:43 - Login attempt for: sv001
User found: sv001 - Stored password hash: $2y$10$HRjwHlFyj.PnKHmvl6GktuH...
password_verify result: TRUE
2025-05-09 09:34:12 - Login attempt for: vananh
User found: vananh - Stored password hash: $2y$10$zF8aGdFhTeWJexp0YatwVeX...
password_verify result: TRUE
2025-05-09 09:36:51 - Login attempt for: sv001
User found: sv001 - Stored password hash: $2y$10$HRjwHlFyj.PnKHmvl6GktuH...
password_verify result: TRUE
2025-05-09 09:37:04 - Login attempt for: vananh
User found: vananh - Stored password hash: $2y$10$zF8aGdFhTeWJexp0YatwVeX...
password_verify result: TRUE
2025-05-09 09:40:05 - Login attempt for: sv001
User found: sv001 - Stored password hash: $2y$10$HRjwHlFyj.PnKHmvl6GktuH...
password_verify result: TRUE
2025-05-09 17:16:57 - Login attempt for: vananh
User found: vananh - Stored password hash: $2y$10$zF8aGdFhTeWJexp0YatwVeX...
password_verify result: TRUE
2025-05-09 18:14:18 - Login attempt for: vananh
User found: vananh - Stored password hash: $2y$10$zF8aGdFhTeWJexp0YatwVeX...
password_verify result: TRUE
2025-05-09 18:14:26 - Login attempt for: vananh
User found: vananh - Stored password hash: $2y$10$zF8aGdFhTeWJexp0YatwVeX...
password_verify result: TRUE
2025-05-09 18:34:34 - Login attempt for: vananh
User found: vananh - Stored password hash: $2y$10$zF8aGdFhTeWJexp0YatwVeX...
password_verify result: TRUE
2025-05-09 18:55:13 - Login attempt for: test
User not found: test
2025-05-09 18:58:28 - Login attempt for: vananh
User found: vananh - Stored password hash: $2y$10$zF8aGdFhTeWJexp0YatwVeX...
password_verify result: TRUE
2025-05-09 18:58:28 - Session data after setUser: Array
(
    [user_id] => 16
    [username] => vananh
    [role] => teacher
    [last_activity] => 1746809908
    [ip] => ::1
    [teacher_id] => 1
)

2025-05-10 14:14:08 - Login attempt for: vananh
User found: vananh - Stored password hash: $2y$10$zF8aGdFhTeWJexp0YatwVeX...
password_verify result: TRUE
2025-05-10 14:14:08 - Session data after setUser: Array
(
    [user_id] => 16
    [username] => vananh
    [role] => teacher
    [last_activity] => 1746879248
    [ip] => 127.0.0.1
    [teacher_id] => 1
)

2025-05-10 14:31:35 - Login attempt for: vananh
User found: vananh - Stored password hash: $2y$10$zF8aGdFhTeWJexp0YatwVeX...
password_verify result: TRUE
2025-05-10 14:31:35 - Session data after setUser: Array
(
    [user_id] => 16
    [username] => vananh
    [role] => teacher
    [last_activity] => 1746880295
    [ip] => ::1
    [teacher_id] => 1
)

2025-05-10 14:35:20 - Login attempt for: vananh
User found: vananh - Stored password hash: $2y$10$zF8aGdFhTeWJexp0YatwVeX...
password_verify result: TRUE
2025-05-10 14:35:20 - Session data after setUser: Array
(
    [user_id] => 16
    [username] => vananh
    [role] => teacher
    [last_activity] => 1746880520
    [ip] => ::1
    [teacher_id] => 1
)

2025-05-10 14:36:32 - Login attempt for: vananh
User found: vananh - Stored password hash: $2y$10$zF8aGdFhTeWJexp0YatwVeX...
password_verify result: TRUE
2025-05-10 14:36:32 - Session data after setUser: Array
(
    [user_id] => 16
    [username] => vananh
    [role] => teacher
    [last_activity] => 1746880592
    [ip] => ::1
    [teacher_id] => 1
)

2025-05-10 14:42:18 - Login attempt for: vananh
User found: vananh - Stored password hash: $2y$10$zF8aGdFhTeWJexp0YatwVeX...
password_verify result: TRUE
2025-05-10 14:42:18 - Session data after setUser: Array
(
    [user_id] => 16
    [username] => vananh
    [role] => teacher
    [last_activity] => 1746880938
    [ip] => ::1
    [teacher_id] => 1
)

2025-05-10 15:01:03 - Login attempt for: vananh
User found: vananh - Stored password hash: $2y$10$zF8aGdFhTeWJexp0YatwVeX...
password_verify result: TRUE
2025-05-10 15:01:03 - Session data after setUser: Array
(
    [user_id] => 16
    [username] => vananh
    [role] => teacher
    [last_activity] => 1746882063
    [ip] => ::1
    [teacher_id] => 1
)

2025-05-10 15:17:49 - Login attempt for: vananh
User found: vananh - Stored password hash: $2y$10$zF8aGdFhTeWJexp0YatwVeX...
password_verify result: TRUE
2025-05-10 15:17:49 - Session data after setUser: Array
(
    [user_id] => 16
    [username] => vananh
    [role] => teacher
    [last_activity] => 1746883069
    [ip] => ::1
    [teacher_id] => 1
)

2025-05-10 15:56:03 - Login attempt for: vananh
User found: vananh - Stored password hash: $2y$10$zF8aGdFhTeWJexp0YatwVeX...
password_verify result: TRUE
2025-05-10 15:56:03 - Session data after setUser: Array
(
    [user_id] => 16
    [username] => vananh
    [role] => teacher
    [last_activity] => 1746885363
    [ip] => ::1
    [teacher_id] => 1
)

2025-05-10 15:58:52 - Login attempt for: vananh
User found: vananh - Stored password hash: $2y$10$zF8aGdFhTeWJexp0YatwVeX...
password_verify result: TRUE
2025-05-10 15:58:52 - Session data after setUser: Array
(
    [user_id] => 16
    [username] => vananh
    [role] => teacher
    [last_activity] => 1746885532
    [ip] => ::1
    [teacher_id] => 1
)

2025-05-13 05:23:58 - Login attempt for: admin
User found: admin - Stored password hash: $2y$10$0otKG.ExvgfFQRZp5QaQtOd...
password_verify result: TRUE
2025-05-13 05:23:58 - Session data after setUser: Array
(
    [user_id] => 23
    [username] => admin
    [role] => admin
    [last_activity] => 1747106638
    [ip] => ::1
)

2025-05-13 05:24:34 - Login attempt for: vananh
User found: vananh - Stored password hash: $2y$10$zF8aGdFhTeWJexp0YatwVeX...
password_verify result: TRUE
2025-05-13 05:24:34 - Session data after setUser: Array
(
    [user_id] => 16
    [username] => vananh
    [role] => teacher
    [last_activity] => 1747106674
    [ip] => ::1
    [teacher_id] => 1
)

2025-05-13 18:07:45 - Login attempt for: vananh
User found: vananh - Stored password hash: $2y$10$zF8aGdFhTeWJexp0YatwVeX...
password_verify result: TRUE
2025-05-13 18:07:45 - Session data after setUser: Array
(
    [user_id] => 16
    [username] => vananh
    [role] => teacher
    [last_activity] => 1747152465
    [ip] => ::1
    [teacher_id] => 1
)

2025-05-13 18:25:02 - Login attempt for: vananh
User found: vananh - Stored password hash: $2y$10$zF8aGdFhTeWJexp0YatwVeX...
password_verify result: TRUE
2025-05-13 18:25:02 - Session data after setUser: Array
(
    [user_id] => 16
    [username] => vananh
    [role] => teacher
    [last_activity] => 1747153502
    [ip] => ::1
    [teacher_id] => 1
)

2025-05-13 18:25:36 - Login attempt for: vananh
User found: vananh - Stored password hash: $2y$10$zF8aGdFhTeWJexp0YatwVeX...
password_verify result: TRUE
2025-05-13 18:25:36 - Session data after setUser: Array
(
    [user_id] => 16
    [username] => vananh
    [role] => teacher
    [last_activity] => 1747153536
    [ip] => ::1
    [teacher_id] => 1
)

2025-05-13 18:27:06 - Login attempt for: vananh
User found: vananh - Stored password hash: $2y$10$zF8aGdFhTeWJexp0YatwVeX...
password_verify result: TRUE
2025-05-13 18:27:06 - Session data after setUser: Array
(
    [user_id] => 16
    [username] => vananh
    [role] => teacher
    [last_activity] => 1747153626
    [ip] => ::1
    [teacher_id] => 1
)

2025-05-13 18:30:16 - Login attempt for: vananh
User found: vananh - Stored password hash: $2y$10$zF8aGdFhTeWJexp0YatwVeX...
password_verify result: TRUE
2025-05-13 18:30:16 - Session data after setUser: Array
(
    [user_id] => 16
    [username] => vananh
    [role] => teacher
    [last_activity] => 1747153816
    [ip] => ::1
    [teacher_id] => 1
)

2025-05-13 18:34:19 - Login attempt for: vananh
User found: vananh - Stored password hash: $2y$10$zF8aGdFhTeWJexp0YatwVeX...
password_verify result: TRUE
2025-05-13 18:34:19 - Session data after setUser: Array
(
    [user_id] => 16
    [username] => vananh
    [role] => teacher
    [last_activity] => 1747154059
    [ip] => ::1
    [teacher_id] => 1
)

2025-05-14 04:26:59 - Login attempt for: vananh
User found: vananh - Stored password hash: $2y$10$JpZJdHuaXNwGE3kwoL7vzOc...
password_verify result: FALSE
2025-05-14 04:27:44 - Login attempt for: vananh
User found: vananh - Stored password hash: $2y$10$WNVz/UgzZU3aCx2/Ef1akeC...
password_verify result: TRUE
2025-05-14 04:27:45 - Session data after setUser: Array
(
    [user_id] => 16
    [username] => vananh
    [role] => teacher
    [last_activity] => 1747189665
    [ip] => ::1
    [teacher_id] => 1
)

2025-05-14 04:33:48 - Login attempt for: vananh
User found: vananh - Stored password hash: $2y$10$WNVz/UgzZU3aCx2/Ef1akeC...
password_verify result: TRUE
2025-05-14 04:33:48 - Session data after setUser: Array
(
    [user_id] => 16
    [username] => vananh
    [role] => teacher
    [last_activity] => 1747190028
    [ip] => ::1
    [teacher_id] => 1
)

2025-05-14 04:35:44 - Login attempt for: vananh
User found: vananh - Stored password hash: $2y$10$WNVz/UgzZU3aCx2/Ef1akeC...
password_verify result: TRUE
2025-05-14 04:35:44 - Session data after setUser: Array
(
    [user_id] => 16
    [username] => vananh
    [role] => teacher
    [last_activity] => 1747190144
    [ip] => ::1
    [teacher_id] => 1
)

2025-05-14 04:43:07 - Login attempt for: vananh
User found: vananh - Stored password hash: $2y$10$WNVz/UgzZU3aCx2/Ef1akeC...
password_verify result: TRUE
2025-05-14 04:43:07 - Session data after setUser: Array
(
    [user_id] => 16
    [username] => vananh
    [role] => teacher
    [last_activity] => 1747190587
    [ip] => ::1
    [teacher_id] => 1
)

2025-05-14 04:52:07 - Login attempt for: vananh
User found: vananh - Stored password hash: $2y$10$WNVz/UgzZU3aCx2/Ef1akeC...
password_verify result: TRUE
2025-05-14 04:52:08 - Session data after setUser: Array
(
    [user_id] => 16
    [username] => vananh
    [role] => teacher
    [last_activity] => 1747191128
    [ip] => ::1
    [teacher_id] => 1
)

2025-05-14 05:38:36 - Login attempt for: vananh
User found: vananh - Stored password hash: $2y$10$WNVz/UgzZU3aCx2/Ef1akeC...
password_verify result: TRUE
2025-05-14 05:38:36 - Session data after setUser: Array
(
    [user_id] => 16
    [username] => vananh
    [role] => teacher
    [last_activity] => 1747193916
    [ip] => ::1
    [teacher_id] => 1
)

2025-05-14 05:52:09 - Login attempt for: vananh
User found: vananh - Stored password hash: $2y$10$WNVz/UgzZU3aCx2/Ef1akeC...
password_verify result: TRUE
2025-05-14 05:52:09 - Session data after setUser: Array
(
    [user_id] => 16
    [username] => vananh
    [role] => teacher
    [last_activity] => 1747194729
    [ip] => ::1
    [teacher_id] => 1
)

2025-05-14 06:31:03 - Login attempt for: vananh
User found: vananh - Stored password hash: $2y$10$WNVz/UgzZU3aCx2/Ef1akeC...
password_verify result: TRUE
2025-05-14 06:31:03 - Session data after setUser: Array
(
    [user_id] => 16
    [username] => vananh
    [role] => teacher
    [last_activity] => 1747197063
    [ip] => ::1
    [teacher_id] => 1
)

2025-05-14 06:36:00 - Login attempt for: vananh
User found: vananh - Stored password hash: $2y$10$WNVz/UgzZU3aCx2/Ef1akeC...
password_verify result: TRUE
2025-05-14 06:36:01 - Session data after setUser: Array
(
    [user_id] => 16
    [username] => vananh
    [role] => teacher
    [last_activity] => 1747197361
    [ip] => ::1
    [teacher_id] => 1
)

2025-05-14 18:06:32 - Login attempt for: vananh
User found: vananh - Stored password hash: $2y$10$WNVz/UgzZU3aCx2/Ef1akeC...
password_verify result: TRUE
2025-05-14 18:06:32 - Session data after setUser: Array
(
    [user_id] => 16
    [username] => vananh
    [role] => teacher
    [last_activity] => 1747238792
    [ip] => ::1
    [teacher_id] => 1
)

2025-05-14 18:34:11 - Login attempt for: vananh
User found: vananh - Stored password hash: $2y$10$WNVz/UgzZU3aCx2/Ef1akeC...
password_verify result: TRUE
2025-05-14 18:34:11 - Session data after setUser: Array
(
    [user_id] => 16
    [username] => vananh
    [role] => teacher
    [last_activity] => 1747240451
    [ip] => ::1
    [teacher_id] => 1
)

2025-05-15 03:19:37 - Login attempt for: vananh
User found: vananh - Stored password hash: $2y$10$WNVz/UgzZU3aCx2/Ef1akeC...
password_verify result: TRUE
2025-05-15 03:19:38 - Session data after setUser: Array
(
    [user_id] => 16
    [username] => vananh
    [role] => teacher
    [last_activity] => 1747271978
    [ip] => 127.0.0.1
    [teacher_id] => 1
)

2025-05-15 03:50:08 - Login attempt for: vananh
User found: vananh - Stored password hash: $2y$10$WNVz/UgzZU3aCx2/Ef1akeC...
password_verify result: TRUE
2025-05-15 03:50:08 - Session data after setUser: Array
(
    [user_id] => 16
    [username] => vananh
    [role] => teacher
    [last_activity] => 1747273808
    [ip] => ::1
    [teacher_id] => 1
)

2025-05-15 04:40:47 - Login attempt for: vananh
User found: vananh - Stored password hash: $2y$10$WNVz/UgzZU3aCx2/Ef1akeC...
password_verify result: TRUE
2025-05-15 04:40:47 - Session data after setUser: Array
(
    [user_id] => 16
    [username] => vananh
    [role] => teacher
    [last_activity] => 1747276847
    [ip] => ::1
    [teacher_id] => 1
)

2025-05-15 04:42:16 - Login attempt for: vananh
User found: vananh - Stored password hash: $2y$10$WNVz/UgzZU3aCx2/Ef1akeC...
password_verify result: TRUE
2025-05-15 04:42:16 - Session data after setUser: Array
(
    [user_id] => 16
    [username] => vananh
    [role] => teacher
    [last_activity] => 1747276936
    [ip] => ::1
    [teacher_id] => 1
)

2025-05-15 05:44:51 - Login attempt for: vananh
User found: vananh - Stored password hash: $2y$10$WNVz/UgzZU3aCx2/Ef1akeC...
password_verify result: TRUE
2025-05-15 05:44:51 - Session data after setUser: Array
(
    [user_id] => 16
    [username] => vananh
    [role] => teacher
    [last_activity] => 1747280691
    [ip] => ::1
    [teacher_id] => 1
)

2025-05-15 06:07:22 - Login attempt for: vananh
User found: vananh - Stored password hash: $2y$10$WNVz/UgzZU3aCx2/Ef1akeC...
password_verify result: TRUE
2025-05-15 06:07:22 - Session data after setUser: Array
(
    [user_id] => 16
    [username] => vananh
    [role] => teacher
    [last_activity] => 1747282042
    [ip] => ::1
    [teacher_id] => 1
)

2025-05-16 07:43:26 - Login attempt for: vananh
User found: vananh - Stored password hash: $2y$10$WNVz/UgzZU3aCx2/Ef1akeC...
password_verify result: TRUE
2025-05-16 07:43:26 - Session data after setUser: Array
(
    [user_id] => 16
    [username] => vananh
    [role] => teacher
    [last_activity] => 1747374206
    [ip] => ::1
    [teacher_id] => 1
)

2025-05-16 07:48:43 - Login attempt for: vananh
User found: vananh - Stored password hash: $2y$10$WNVz/UgzZU3aCx2/Ef1akeC...
password_verify result: TRUE
2025-05-16 07:48:43 - Session data after setUser: Array
(
    [user_id] => 16
    [username] => vananh
    [role] => teacher
    [last_activity] => 1747374523
    [ip] => ::1
    [teacher_id] => 1
)

2025-05-16 08:03:34 - Login attempt for: vananh
User found: vananh - Stored password hash: $2y$10$WNVz/UgzZU3aCx2/Ef1akeC...
password_verify result: TRUE
2025-05-16 08:03:34 - Session data after setUser: Array
(
    [user_id] => 16
    [username] => vananh
    [role] => teacher
    [last_activity] => 1747375414
    [ip] => ::1
    [teacher_id] => 1
)

2025-05-16 17:25:14 - Login attempt for: vananh
User found: vananh - Stored password hash: $2y$10$WNVz/UgzZU3aCx2/Ef1akeC...
password_verify result: TRUE
2025-05-16 17:25:14 - Session data after setUser: Array
(
    [user_id] => 16
    [username] => vananh
    [role] => teacher
    [last_activity] => 1747409114
    [ip] => ::1
    [teacher_id] => 1
)

2025-05-17 09:33:58 - Login attempt for: vananh
User found: vananh - Stored password hash: $2y$10$WNVz/UgzZU3aCx2/Ef1akeC...
password_verify result: TRUE
2025-05-17 09:33:58 - Session data after setUser: Array
(
    [user_id] => 16
    [username] => vananh
    [role] => teacher
    [last_activity] => 1747467238
    [ip] => ::1
    [teacher_id] => 1
)

2025-05-17 11:15:59 - Login attempt for: vananh
User found: vananh - Stored password hash: $2y$10$WNVz/UgzZU3aCx2/Ef1akeC...
password_verify result: TRUE
2025-05-17 11:15:59 - Session data after setUser: Array
(
    [user_id] => 16
    [username] => vananh
    [role] => teacher
    [last_activity] => 1747473359
    [ip] => ::1
    [teacher_id] => 1
)

2025-05-19 17:57:54 - Login attempt for: vananh
User found: vananh - Stored password hash: $2y$10$WNVz/UgzZU3aCx2/Ef1akeC...
password_verify result: TRUE
2025-05-19 17:57:54 - Session data after setUser: Array
(
    [user_id] => 16
    [username] => vananh
    [role] => teacher
    [last_activity] => 1747670274
    [ip] => ::1
    [teacher_id] => 1
)

2025-05-19 18:02:33 - Login attempt for: vananh
User found: vananh - Stored password hash: $2y$10$WNVz/UgzZU3aCx2/Ef1akeC...
password_verify result: TRUE
2025-05-19 18:02:33 - Session data after setUser: Array
(
    [user_id] => 16
    [username] => vananh
    [role] => teacher
    [last_activity] => 1747670553
    [ip] => ::1
    [teacher_id] => 1
)

2025-05-20 03:48:50 - Login attempt for: vananh
User found: vananh - Stored password hash: $2y$10$WNVz/UgzZU3aCx2/Ef1akeC...
password_verify result: TRUE
2025-05-20 03:48:50 - Session data after setUser: Array
(
    [user_id] => 16
    [username] => vananh
    [role] => teacher
    [last_activity] => 1747705730
    [ip] => ::1
    [teacher_id] => 1
)

2025-05-20 04:06:35 - Login attempt for: admin
User found: admin - Stored password hash: $2y$10$geIltNOMO1jxTSP7/S4rVOW...
password_verify result: TRUE
2025-05-20 04:06:35 - Session data after setUser: Array
(
    [user_id] => 23
    [username] => admin
    [role] => admin
    [last_activity] => 1747706795
    [ip] => ::1
)

2025-05-20 04:06:47 - Login attempt for: admin
User found: admin - Stored password hash: $2y$10$geIltNOMO1jxTSP7/S4rVOW...
password_verify result: TRUE
2025-05-20 04:06:47 - Session data after setUser: Array
(
    [user_id] => 23
    [username] => admin
    [role] => admin
    [last_activity] => 1747706807
    [ip] => ::1
)

2025-05-20 04:09:26 - Login attempt for: admin
User found: admin - Stored password hash: $2y$10$geIltNOMO1jxTSP7/S4rVOW...
password_verify result: TRUE
2025-05-20 04:09:27 - Session data after setUser: Array
(
    [user_id] => 23
    [username] => admin
    [role] => admin
    [last_activity] => 1747706967
    [ip] => ::1
)

2025-05-22 15:09:27 - Login attempt for: admin
User found: admin - Stored password hash: $2y$10$geIltNOMO1jxTSP7/S4rVOW...
password_verify result: TRUE
2025-05-22 15:09:27 - Session data after setUser: Array
(
    [user_id] => 23
    [username] => admin
    [role] => admin
    [last_activity] => 1747919367
    [ip] => ::1
)

2025-05-23 04:02:36 - Login attempt for: admin
User found: admin - Stored password hash: $2y$10$geIltNOMO1jxTSP7/S4rVOW...
password_verify result: TRUE
2025-05-23 04:02:36 - Session data after setUser: Array
(
    [user_id] => 23
    [username] => admin
    [role] => admin
    [last_activity] => 1747965756
    [ip] => ::1
)

2025-05-23 04:28:29 - Login attempt for: admin
User found: admin - Stored password hash: $2y$10$geIltNOMO1jxTSP7/S4rVOW...
password_verify result: TRUE
2025-05-23 04:28:29 - Session data after setUser: Array
(
    [user_id] => 23
    [username] => admin
    [role] => admin
    [last_activity] => 1747967309
    [ip] => ::1
)

2025-05-23 07:23:00 - Login attempt for: admin
User found: admin - Stored password hash: $2y$10$geIltNOMO1jxTSP7/S4rVOW...
password_verify result: TRUE
2025-05-23 07:23:00 - Session data after setUser: Array
(
    [user_id] => 23
    [username] => admin
    [role] => admin
    [last_activity] => 1747977780
    [ip] => ::1
)

2025-05-23 07:23:45 - Login attempt for: vananh
User found: vananh - Stored password hash: $2y$10$WNVz/UgzZU3aCx2/Ef1akeC...
password_verify result: TRUE
2025-05-23 07:23:45 - Session data after setUser: Array
(
    [user_id] => 16
    [username] => vananh
    [role] => teacher
    [last_activity] => 1747977825
    [ip] => ::1
    [teacher_id] => 1
)

2025-05-23 09:34:39 - Login attempt for: vananh
User found: vananh - Stored password hash: $2y$10$WNVz/UgzZU3aCx2/Ef1akeC...
password_verify result: TRUE
2025-05-23 09:34:39 - Session data after setUser: Array
(
    [user_id] => 16
    [username] => vananh
    [role] => teacher
    [last_activity] => 1747985679
    [ip] => ::1
    [teacher_id] => 1
)

2025-05-23 09:34:51 - Login attempt for: vananh
User found: vananh - Stored password hash: $2y$10$WNVz/UgzZU3aCx2/Ef1akeC...
password_verify result: TRUE
2025-05-23 09:34:52 - Session data after setUser: Array
(
    [user_id] => 16
    [username] => vananh
    [role] => teacher
    [last_activity] => 1747985692
    [ip] => ::1
    [teacher_id] => 1
)

2025-05-23 09:37:14 - Login attempt for: admin
User found: admin - Stored password hash: $2y$10$geIltNOMO1jxTSP7/S4rVOW...
password_verify result: TRUE
2025-05-23 09:37:14 - Session data after setUser: Array
(
    [user_id] => 23
    [username] => admin
    [role] => admin
    [last_activity] => 1747985834
    [ip] => ::1
)

2025-05-23 09:38:10 - Login attempt for: vananh
User found: vananh - Stored password hash: $2y$10$WNVz/UgzZU3aCx2/Ef1akeC...
password_verify result: TRUE
2025-05-23 09:38:10 - Session data after setUser: Array
(
    [user_id] => 16
    [username] => vananh
    [role] => teacher
    [last_activity] => 1747985890
    [ip] => ::1
    [teacher_id] => 1
)

2025-05-23 09:48:16 - Login attempt for: admin
User found: admin - Stored password hash: $2y$10$geIltNOMO1jxTSP7/S4rVOW...
password_verify result: TRUE
2025-05-23 09:48:16 - Session data after setUser: Array
(
    [user_id] => 23
    [username] => admin
    [role] => admin
    [last_activity] => 1747986496
    [ip] => ::1
)

2025-05-28 03:50:54 - Login attempt for: admin
User found: admin - Stored password hash: $2y$10$geIltNOMO1jxTSP7/S4rVOW...
password_verify result: TRUE
2025-05-28 03:50:54 - Session data after setUser: Array
(
    [user_id] => 23
    [username] => admin
    [role] => admin
    [last_activity] => 1748397054
    [ip] => ::1
)

2025-05-28 03:53:17 - Login attempt for: admin
User found: admin - Stored password hash: $2y$10$geIltNOMO1jxTSP7/S4rVOW...
password_verify result: TRUE
2025-05-28 03:53:17 - Session data after setUser: Array
(
    [user_id] => 23
    [username] => admin
    [role] => admin
    [last_activity] => 1748397197
    [ip] => ::1
)

2025-05-28 04:01:24 - Login attempt for: admin
User found: admin - Stored password hash: $2y$10$geIltNOMO1jxTSP7/S4rVOW...
password_verify result: TRUE
2025-05-28 04:01:24 - Session data after setUser: Array
(
    [user_id] => 23
    [username] => admin
    [role] => admin
    [last_activity] => 1748397684
    [ip] => ::1
)

2025-05-28 04:02:31 - Login attempt for: admin
User found: admin - Stored password hash: $2y$10$geIltNOMO1jxTSP7/S4rVOW...
password_verify result: TRUE
2025-05-28 04:02:31 - Session data after setUser: Array
(
    [user_id] => 23
    [username] => admin
    [role] => admin
    [last_activity] => 1748397751
    [ip] => ::1
)

2025-05-28 04:29:51 - Login attempt for: admin
User found: admin - Stored password hash: $2y$10$geIltNOMO1jxTSP7/S4rVOW...
password_verify result: TRUE
2025-05-28 04:29:51 - Session data after setUser: Array
(
    [user_id] => 23
    [username] => admin
    [role] => admin
    [last_activity] => 1748399391
    [ip] => ::1
)

2025-05-28 05:11:36 - Login attempt for: vananh
User found: vananh - Stored password hash: $2y$10$WNVz/UgzZU3aCx2/Ef1akeC...
password_verify result: TRUE
2025-05-28 05:11:36 - Session data after setUser: Array
(
    [user_id] => 16
    [username] => vananh
    [role] => teacher
    [last_activity] => 1748401896
    [ip] => ::1
    [teacher_id] => 1
)

2025-05-28 05:11:43 - Login attempt for: vananh
User found: vananh - Stored password hash: $2y$10$WNVz/UgzZU3aCx2/Ef1akeC...
password_verify result: TRUE
2025-05-28 05:11:44 - Session data after setUser: Array
(
    [user_id] => 16
    [username] => vananh
    [role] => teacher
    [last_activity] => 1748401904
    [ip] => ::1
    [teacher_id] => 1
)

2025-05-28 05:13:42 - Login attempt for: admin
User found: admin - Stored password hash: $2y$10$geIltNOMO1jxTSP7/S4rVOW...
password_verify result: TRUE
2025-05-28 05:13:42 - Session data after setUser: Array
(
    [user_id] => 23
    [username] => admin
    [role] => admin
    [last_activity] => 1748402022
    [ip] => ::1
)

2025-05-28 05:14:24 - Login attempt for: vananh
User found: vananh - Stored password hash: $2y$10$WNVz/UgzZU3aCx2/Ef1akeC...
password_verify result: TRUE
2025-05-28 05:14:24 - Session data after setUser: Array
(
    [user_id] => 16
    [username] => vananh
    [role] => teacher
    [last_activity] => 1748402064
    [ip] => ::1
    [teacher_id] => 1
)

2025-05-28 05:15:14 - Login attempt for: admin
User found: admin - Stored password hash: $2y$10$geIltNOMO1jxTSP7/S4rVOW...
password_verify result: TRUE
2025-05-28 05:15:14 - Session data after setUser: Array
(
    [user_id] => 23
    [username] => admin
    [role] => admin
    [last_activity] => 1748402114
    [ip] => ::1
)

2025-05-30 18:06:12 - Login attempt for: admin
User found: admin - Stored password hash: $2y$10$geIltNOMO1jxTSP7/S4rVOW...
password_verify result: TRUE
2025-05-30 18:06:12 - Session data after setUser: Array
(
    [user_id] => 23
    [username] => admin
    [role] => admin
    [last_activity] => 1748621172
    [ip] => ::1
)

2025-06-03 17:50:48 - Login attempt for: admin
User found: admin - Stored password hash: $2y$10$geIltNOMO1jxTSP7/S4rVOW...
password_verify result: TRUE
2025-06-03 17:50:48 - Session data after setUser: Array
(
    [user_id] => 23
    [username] => admin
    [role] => admin
    [last_activity] => 1748965848
    [ip] => ::1
)

2025-06-08 16:26:39 - Login attempt for: sv001
User found: sv001 - Stored password hash: $2y$10$DgwHjYfPiZbo7iqtiWwKK.t...
password_verify result: TRUE
2025-06-08 16:26:39 - Session data after setUser: Array
(
    [user_id] => 1
    [username] => sv001
    [role] => student
    [last_activity] => 1749392799
    [ip] => 127.0.0.1
    [student_id] => SV001
)

2025-06-08 16:54:24 - Login attempt for: vananh
User found: vananh - Stored password hash: $2y$10$WNVz/UgzZU3aCx2/Ef1akeC...
password_verify result: TRUE
2025-06-08 16:54:24 - Session data after setUser: Array
(
    [user_id] => 16
    [username] => vananh
    [role] => teacher
    [last_activity] => 1749394464
    [ip] => ::1
    [teacher_id] => 1
)

2025-06-08 16:54:57 - Login attempt for: admin
User found: admin - Stored password hash: $2y$10$geIltNOMO1jxTSP7/S4rVOW...
password_verify result: TRUE
2025-06-08 16:54:57 - Session data after setUser: Array
(
    [user_id] => 23
    [username] => admin
    [role] => admin
    [last_activity] => 1749394497
    [ip] => ::1
)

2025-06-08 16:55:57 - Login attempt for: admin
User found: admin - Stored password hash: $2y$10$geIltNOMO1jxTSP7/S4rVOW...
password_verify result: TRUE
2025-06-08 16:55:57 - Session data after setUser: Array
(
    [user_id] => 23
    [username] => admin
    [role] => admin
    [last_activity] => 1749394557
    [ip] => ::1
)

2025-06-08 16:57:24 - Login attempt for: sv001
User found: sv001 - Stored password hash: $2y$10$DgwHjYfPiZbo7iqtiWwKK.t...
password_verify result: TRUE
2025-06-08 16:57:24 - Session data after setUser: Array
(
    [user_id] => 1
    [username] => sv001
    [role] => student
    [last_activity] => 1749394644
    [ip] => ::1
    [student_id] => SV001
)

2025-06-08 17:36:03 - Login attempt for: vananh
User found: vananh - Stored password hash: $2y$10$WNVz/UgzZU3aCx2/Ef1akeC...
password_verify result: TRUE
2025-06-08 17:36:03 - Session data after setUser: Array
(
    [user_id] => 16
    [username] => vananh
    [role] => teacher
    [last_activity] => 1749396963
    [ip] => ::1
    [teacher_id] => 1
)

2025-06-08 17:43:47 - Login attempt for: vananh
User found: vananh - Stored password hash: $2y$10$WNVz/UgzZU3aCx2/Ef1akeC...
password_verify result: TRUE
2025-06-08 17:43:47 - Session data after setUser: Array
(
    [user_id] => 16
    [username] => vananh
    [role] => teacher
    [last_activity] => 1749397427
    [ip] => ::1
    [teacher_id] => 1
)

2025-06-08 17:50:36 - Login attempt for: vananh
User found: vananh - Stored password hash: $2y$10$WNVz/UgzZU3aCx2/Ef1akeC...
password_verify result: TRUE
2025-06-08 17:50:36 - Session data after setUser: Array
(
    [user_id] => 16
    [username] => vananh
    [role] => teacher
    [last_activity] => 1749397836
    [ip] => ::1
    [teacher_id] => 1
)

2025-06-09 15:01:30 - Login attempt for: sv001
User found: sv001 - Stored password hash: $2y$10$DgwHjYfPiZbo7iqtiWwKK.t...
password_verify result: TRUE
2025-06-09 15:01:30 - Session data after setUser: Array
(
    [user_id] => 1
    [username] => sv001
    [role] => student
    [last_activity] => 1749474090
    [ip] => ::1
    [student_id] => SV001
)

2025-06-09 15:07:08 - Login attempt for: admin
User found: admin - Stored password hash: $2y$10$geIltNOMO1jxTSP7/S4rVOW...
password_verify result: TRUE
2025-06-09 15:07:08 - Session data after setUser: Array
(
    [user_id] => 23
    [username] => admin
    [role] => admin
    [last_activity] => 1749474428
    [ip] => ::1
)

2025-06-09 15:09:16 - Login attempt for: sv001
User found: sv001 - Stored password hash: $2y$10$DgwHjYfPiZbo7iqtiWwKK.t...
password_verify result: TRUE
2025-06-09 15:09:16 - Session data after setUser: Array
(
    [user_id] => 1
    [username] => sv001
    [role] => student
    [last_activity] => 1749474556
    [ip] => ::1
    [student_id] => SV001
)

2025-06-09 15:32:18 - Login attempt for: admin
User found: admin - Stored password hash: $2y$10$geIltNOMO1jxTSP7/S4rVOW...
password_verify result: TRUE
2025-06-09 15:32:18 - Session data after setUser: Array
(
    [user_id] => 23
    [username] => admin
    [role] => admin
    [last_activity] => 1749475938
    [ip] => ::1
)

2025-06-09 15:33:35 - Login attempt for: sv999
User found: sv999 - Stored password hash: $2y$10$qXsfNaw406cC4.dHL2dNk.p...
password_verify result: FALSE
2025-06-09 15:38:17 - Login attempt for: sv999
User found: sv999 - Stored password hash: $2y$10$7BDbQBjQXvRVKsoW4scmBO4...
password_verify result: TRUE
2025-06-09 15:38:17 - Session data after setUser: Array
(
    [user_id] => 33
    [username] => SV999
    [role] => student
    [last_activity] => 1749476297
    [ip] => ::1
    [student_id] => SV999
)

2025-06-09 15:38:38 - Login attempt for: sv999
User found: sv999 - Stored password hash: $2y$10$7BDbQBjQXvRVKsoW4scmBO4...
password_verify result: TRUE
2025-06-09 15:38:38 - Session data after setUser: Array
(
    [user_id] => 33
    [username] => SV999
    [role] => student
    [last_activity] => 1749476318
    [ip] => ::1
    [student_id] => SV999
)

2025-06-09 15:43:15 - Login attempt for: sv999
User found: sv999 - Stored password hash: $2y$10$7BDbQBjQXvRVKsoW4scmBO4...
password_verify result: TRUE
2025-06-09 15:43:15 - Session data after setUser: Array
(
    [user_id] => 33
    [username] => SV999
    [role] => student
    [last_activity] => 1749476595
    [ip] => ::1
    [student_id] => SV999
)

2025-06-09 15:43:23 - Login attempt for: sv999
User found: sv999 - Stored password hash: $2y$10$7BDbQBjQXvRVKsoW4scmBO4...
password_verify result: TRUE
2025-06-09 15:43:23 - Session data after setUser: Array
(
    [user_id] => 33
    [username] => SV999
    [role] => student
    [last_activity] => 1749476603
    [ip] => ::1
    [student_id] => SV999
)

2025-06-09 15:50:29 - Login attempt for: admin
User found: admin - Stored password hash: $2y$10$yRNksrjPLxrzvDWp8lZDO.W...
password_verify result: TRUE
2025-06-09 15:50:29 - Session data after setUser: Array
(
    [user_id] => 23
    [username] => admin
    [role] => admin
    [last_activity] => 1749477029
    [ip] => ::1
)

2025-06-09 15:51:00 - Login attempt for: sv999
User found: sv999 - Stored password hash: $2y$10$7BDbQBjQXvRVKsoW4scmBO4...
password_verify result: TRUE
2025-06-09 15:51:01 - Session data after setUser: Array
(
    [user_id] => 33
    [username] => SV999
    [role] => student
    [last_activity] => 1749477061
    [ip] => ::1
    [student_id] => SV999
)

2025-06-09 15:51:41 - Login attempt for: sv999
User found: sv999 - Stored password hash: $2y$10$7BDbQBjQXvRVKsoW4scmBO4...
password_verify result: TRUE
2025-06-09 15:51:41 - Session data after setUser: Array
(
    [user_id] => 33
    [username] => SV999
    [role] => student
    [last_activity] => 1749477101
    [ip] => ::1
    [student_id] => SV999
)

2025-06-09 16:06:29 - Login attempt for: admin
User found: admin - Stored password hash: $2y$10$yRNksrjPLxrzvDWp8lZDO.W...
password_verify result: TRUE
2025-06-09 16:06:29 - Session data after setUser: Array
(
    [user_id] => 23
    [username] => admin
    [role] => admin
    [last_activity] => 1749477989
    [ip] => ::1
)

2025-06-09 16:07:59 - Login attempt for: sv999
User found: sv999 - Stored password hash: $2y$10$7BDbQBjQXvRVKsoW4scmBO4...
password_verify result: TRUE
2025-06-09 16:07:59 - Session data after setUser: Array
(
    [user_id] => 33
    [username] => SV999
    [role] => student
    [last_activity] => 1749478079
    [ip] => ::1
    [student_id] => SV999
)

2025-06-09 21:22:34 - Login attempt for: vananh
User found: vananh - Stored password hash: $2y$10$fVSskqXwGl294bbOo0oa/OU...
password_verify result: TRUE
2025-06-09 21:22:34 - Session data after setUser: Array
(
    [user_id] => 16
    [username] => vananh
    [role] => teacher
    [last_activity] => 1749478954
    [ip] => ::1
    [teacher_id] => 1
)

2025-06-09 23:14:09 - Login attempt for: admin
User found: admin - Stored password hash: $2y$10$yRNksrjPLxrzvDWp8lZDO.W...
password_verify result: TRUE
2025-06-09 23:14:09 - Session data after setUser: Array
(
    [user_id] => 23
    [username] => admin
    [role] => admin
    [last_activity] => 1749485649
    [ip] => ::1
)

2025-06-09 23:17:53 - Login attempt for: sv999
User found: sv999 - Stored password hash: $2y$10$7BDbQBjQXvRVKsoW4scmBO4...
password_verify result: TRUE
2025-06-09 23:17:53 - Session data after setUser: Array
(
    [user_id] => 33
    [username] => SV999
    [role] => student
    [last_activity] => 1749485873
    [ip] => ::1
    [student_id] => SV999
)

2025-06-09 23:18:24 - Login attempt for: sv999
User found: sv999 - Stored password hash: $2y$10$7BDbQBjQXvRVKsoW4scmBO4...
password_verify result: TRUE
2025-06-09 23:18:24 - Session data after setUser: Array
(
    [user_id] => 33
    [username] => SV999
    [role] => student
    [last_activity] => 1749485904
    [ip] => ::1
    [student_id] => SV999
)

2025-06-09 23:29:17 - Login attempt for: sv999
User found: sv999 - Stored password hash: $2y$10$7BDbQBjQXvRVKsoW4scmBO4...
password_verify result: TRUE
2025-06-09 23:29:17 - Session data after setUser: Array
(
    [user_id] => 33
    [username] => SV999
    [role] => student
    [last_activity] => 1749486557
    [ip] => ::1
    [student_id] => SV999
)

2025-06-09 23:41:28 - Login attempt for: sv999
User found: sv999 - Stored password hash: $2y$10$7BDbQBjQXvRVKsoW4scmBO4...
password_verify result: TRUE
2025-06-09 23:41:28 - Session data after setUser: Array
(
    [user_id] => 33
    [username] => SV999
    [role] => student
    [last_activity] => 1749487288
    [ip] => ::1
    [student_id] => SV999
)

2025-06-09 23:41:53 - Login attempt for: sv999
User found: sv999 - Stored password hash: $2y$10$7BDbQBjQXvRVKsoW4scmBO4...
password_verify result: TRUE
2025-06-09 23:41:53 - Session data after setUser: Array
(
    [user_id] => 33
    [username] => SV999
    [role] => student
    [last_activity] => 1749487313
    [ip] => ::1
    [student_id] => SV999
)

2025-06-09 23:48:15 - Login attempt for: admin
User found: admin - Stored password hash: $2y$10$yRNksrjPLxrzvDWp8lZDO.W...
password_verify result: TRUE
2025-06-09 23:48:15 - Session data after setUser: Array
(
    [user_id] => 23
    [username] => admin
    [role] => admin
    [last_activity] => 1749487695
    [ip] => ::1
)

2025-06-09 23:48:34 - Login attempt for: admin
User found: admin - Stored password hash: $2y$10$yRNksrjPLxrzvDWp8lZDO.W...
password_verify result: TRUE
2025-06-09 23:48:34 - Session data after setUser: Array
(
    [user_id] => 23
    [username] => admin
    [role] => admin
    [last_activity] => 1749487714
    [ip] => ::1
)

2025-06-09 23:50:01 - Login attempt for: sv999
User found: sv999 - Stored password hash: $2y$10$7BDbQBjQXvRVKsoW4scmBO4...
password_verify result: TRUE
2025-06-09 23:50:01 - Session data after setUser: Array
(
    [user_id] => 33
    [username] => SV999
    [role] => student
    [last_activity] => 1749487801
    [ip] => ::1
    [student_id] => SV999
)

2025-06-10 00:01:47 - Login attempt for: sv999
User found: sv999 - Stored password hash: $2y$10$7BDbQBjQXvRVKsoW4scmBO4...
password_verify result: TRUE
2025-06-10 00:01:47 - Session data after setUser: Array
(
    [user_id] => 33
    [username] => SV999
    [role] => student
    [last_activity] => 1749488507
    [ip] => ::1
    [student_id] => SV999
)

2025-06-10 00:17:25 - Login attempt for: vananh
User found: vananh - Stored password hash: $2y$10$fVSskqXwGl294bbOo0oa/OU...
password_verify result: TRUE
2025-06-10 00:17:25 - Session data after setUser: Array
(
    [user_id] => 16
    [username] => vananh
    [role] => teacher
    [last_activity] => 1749489445
    [ip] => ::1
    [teacher_id] => 1
)

2025-06-10 00:17:41 - Login attempt for: vananh
User found: vananh - Stored password hash: $2y$10$fVSskqXwGl294bbOo0oa/OU...
password_verify result: TRUE
2025-06-10 00:17:41 - Session data after setUser: Array
(
    [user_id] => 16
    [username] => vananh
    [role] => teacher
    [last_activity] => 1749489461
    [ip] => ::1
    [teacher_id] => 1
)

2025-06-10 07:45:36 - Login attempt for: sv001
User found: sv001 - Stored password hash: $2y$10$cvvOXhEvkHjLD3y67Fhg7Ox...
password_verify result: TRUE
2025-06-10 07:45:36 - Session data after setUser: Array
(
    [user_id] => 1
    [username] => sv001
    [role] => student
    [last_activity] => 1749516336
    [ip] => 127.0.0.1
    [student_id] => SV001
)

2025-06-10 07:46:04 - Login attempt for: sv999
User found: sv999 - Stored password hash: $2y$10$7BDbQBjQXvRVKsoW4scmBO4...
password_verify result: TRUE
2025-06-10 07:46:04 - Session data after setUser: Array
(
    [user_id] => 33
    [username] => SV999
    [role] => student
    [last_activity] => 1749516364
    [ip] => ::1
    [student_id] => SV999
)

2025-06-10 08:32:24 - Login attempt for: admin
User found: admin - Stored password hash: $2y$10$yRNksrjPLxrzvDWp8lZDO.W...
password_verify result: TRUE
2025-06-10 08:32:24 - Session data after setUser: Array
(
    [user_id] => 23
    [username] => admin
    [role] => admin
    [last_activity] => 1749519144
    [ip] => ::1
)

2025-06-10 08:34:53 - Login attempt for: 20225161
User found: 20225161 - Stored password hash: $2y$10$CUpv0smxsPglRo6dN9KL7eF...
password_verify result: FALSE
2025-06-10 08:35:39 - Login attempt for: 20225161
User found: 20225161 - Stored password hash: $2y$10$BHd3PPOyPvJ52zRVbgrNg.9...
password_verify result: TRUE
2025-06-10 08:35:39 - Session data after setUser: Array
(
    [user_id] => 35
    [username] => 20225161
    [role] => student
    [last_activity] => 1749519339
    [ip] => ::1
    [student_id] => 20225161
)

2025-06-10 08:37:20 - Login attempt for: vananh
User found: vananh - Stored password hash: $2y$10$LWE/2eCm0PWqWG/wJgkbQOQ...
password_verify result: TRUE
2025-06-10 08:37:20 - Session data after setUser: Array
(
    [user_id] => 16
    [username] => vananh
    [role] => teacher
    [last_activity] => 1749519440
    [ip] => ::1
    [teacher_id] => 1
)

2025-06-10 08:40:01 - Login attempt for: admin
User found: admin - Stored password hash: $2y$10$XE0W/NsfNu41rNGKVVQRuO2...
password_verify result: TRUE
2025-06-10 08:40:01 - Session data after setUser: Array
(
    [user_id] => 23
    [username] => admin
    [role] => admin
    [last_activity] => 1749519601
    [ip] => ::1
)

2025-06-10 08:52:30 - Login attempt for: 123
User found: 123 - Stored password hash: $2y$10$n6hxezgoI3DRiUC2EaJ2hOK...
password_verify result: TRUE
2025-06-10 08:52:30 - Session data after setUser: Array
(
    [user_id] => 37
    [username] => 123
    [role] => student
    [last_activity] => 1749520350
    [ip] => ::1
    [student_id] => 123
)

2025-06-10 08:52:36 - Login attempt for: admin
User found: admin - Stored password hash: $2y$10$XE0W/NsfNu41rNGKVVQRuO2...
password_verify result: TRUE
2025-06-10 08:52:36 - Session data after setUser: Array
(
    [user_id] => 23
    [username] => admin
    [role] => admin
    [last_activity] => 1749520356
    [ip] => ::1
)

2025-06-10 09:33:38 - Login attempt for: admin
User found: admin - Stored password hash: $2y$10$XE0W/NsfNu41rNGKVVQRuO2...
password_verify result: TRUE
2025-06-10 09:33:38 - Session data after setUser: Array
(
    [user_id] => 23
    [username] => admin
    [role] => admin
    [last_activity] => 1749522818
    [ip] => ::1
)

