2025-05-13 04:14:52 - OPTIONS Request
URI: /server_diem_danh/api/auth_api.php?action=login
Origin: http://localhost:5173
Headers sent: Array
(
    [0] => X-Powered-By: PHP/8.2.12
    [1] => Access-Control-Allow-Origin: http://localhost:5173
    [2] => Access-Control-Allow-Credentials: true
    [3] => Access-Control-Allow-Methods: GET, POST, PUT, DELETE, OPTIONS
    [4] => Access-Control-Allow-Headers: Origin, X-Requested-With, Content-Type, Accept, Authorization, Cookie
    [5] => Access-Control-Max-Age: 3600
    [6] => Content-Length: 0
    [7] => Content-type: text/plain;charset=UTF-8
)

2025-05-13 04:14:52 - OPTIONS Request
URI: /server_diem_danh/api/auth_api.php?action=login
Origin: http://localhost:5173
Headers sent: Array
(
    [0] => X-Powered-By: PHP/8.2.12
    [1] => Access-Control-Allow-Origin: http://localhost:5173
    [2] => Access-Control-Allow-Credentials: true
    [3] => Access-Control-Allow-Methods: GET, POST, PUT, DELETE, OPTIONS
    [4] => Access-Control-Allow-Headers: Origin, X-Requested-With, Content-Type, Accept, Authorization, Cookie
    [5] => Access-Control-Max-Age: 3600
    [6] => Content-Length: 0
    [7] => Content-type: text/plain;charset=UTF-8
)

2025-05-13 04:14:52 - OPTIONS Request
URI: /server_diem_danh/api/auth_api.php?action=login
Origin: http://localhost:5173
Headers sent: Array
(
    [0] => X-Powered-By: PHP/8.2.12
    [1] => Access-Control-Allow-Origin: http://localhost:5173
    [2] => Access-Control-Allow-Credentials: true
    [3] => Access-Control-Allow-Methods: GET, POST, PUT, DELETE, OPTIONS
    [4] => Access-Control-Allow-Headers: Origin, X-Requested-With, Content-Type, Accept, Authorization, Cookie
    [5] => Access-Control-Max-Age: 3600
    [6] => Content-Length: 0
    [7] => Content-type: text/plain;charset=UTF-8
)

2025-05-13 04:14:53 - OPTIONS Request
URI: /server_diem_danh/api/auth_api.php?action=login
Origin: http://localhost:5173
Headers sent: Array
(
    [0] => X-Powered-By: PHP/8.2.12
    [1] => Access-Control-Allow-Origin: http://localhost:5173
    [2] => Access-Control-Allow-Credentials: true
    [3] => Access-Control-Allow-Methods: GET, POST, PUT, DELETE, OPTIONS
    [4] => Access-Control-Allow-Headers: Origin, X-Requested-With, Content-Type, Accept, Authorization, Cookie
    [5] => Access-Control-Max-Age: 3600
    [6] => Content-Length: 0
    [7] => Content-type: text/plain;charset=UTF-8
)

2025-05-13 04:14:53 - OPTIONS Request
URI: /server_diem_danh/api/auth_api.php?action=login
Origin: http://localhost:5173
Headers sent: Array
(
    [0] => X-Powered-By: PHP/8.2.12
    [1] => Access-Control-Allow-Origin: http://localhost:5173
    [2] => Access-Control-Allow-Credentials: true
    [3] => Access-Control-Allow-Methods: GET, POST, PUT, DELETE, OPTIONS
    [4] => Access-Control-Allow-Headers: Origin, X-Requested-With, Content-Type, Accept, Authorization, Cookie
    [5] => Access-Control-Max-Age: 3600
    [6] => Content-Length: 0
    [7] => Content-type: text/plain;charset=UTF-8
)

2025-05-13 04:14:53 - OPTIONS Request
URI: /server_diem_danh/api/auth_api.php?action=login
Origin: http://localhost:5173
Headers sent: Array
(
    [0] => X-Powered-By: PHP/8.2.12
    [1] => Access-Control-Allow-Origin: http://localhost:5173
    [2] => Access-Control-Allow-Credentials: true
    [3] => Access-Control-Allow-Methods: GET, POST, PUT, DELETE, OPTIONS
    [4] => Access-Control-Allow-Headers: Origin, X-Requested-With, Content-Type, Accept, Authorization, Cookie
    [5] => Access-Control-Max-Age: 3600
    [6] => Content-Length: 0
    [7] => Content-type: text/plain;charset=UTF-8
)

2025-05-13 04:14:53 - OPTIONS Request
URI: /server_diem_danh/api/auth_api.php?action=login
Origin: http://localhost:5173
Headers sent: Array
(
    [0] => X-Powered-By: PHP/8.2.12
    [1] => Access-Control-Allow-Origin: http://localhost:5173
    [2] => Access-Control-Allow-Credentials: true
    [3] => Access-Control-Allow-Methods: GET, POST, PUT, DELETE, OPTIONS
    [4] => Access-Control-Allow-Headers: Origin, X-Requested-With, Content-Type, Accept, Authorization, Cookie
    [5] => Access-Control-Max-Age: 3600
    [6] => Content-Length: 0
    [7] => Content-type: text/plain;charset=UTF-8
)

2025-05-13 04:14:53 - OPTIONS Request
URI: /server_diem_danh/api/auth_api.php?action=login
Origin: http://localhost:5173
Headers sent: Array
(
    [0] => X-Powered-By: PHP/8.2.12
    [1] => Access-Control-Allow-Origin: http://localhost:5173
    [2] => Access-Control-Allow-Credentials: true
    [3] => Access-Control-Allow-Methods: GET, POST, PUT, DELETE, OPTIONS
    [4] => Access-Control-Allow-Headers: Origin, X-Requested-With, Content-Type, Accept, Authorization, Cookie
    [5] => Access-Control-Max-Age: 3600
    [6] => Content-Length: 0
    [7] => Content-type: text/plain;charset=UTF-8
)

2025-05-13 04:14:53 - OPTIONS Request
URI: /server_diem_danh/api/auth_api.php?action=login
Origin: http://localhost:5173
Headers sent: Array
(
    [0] => X-Powered-By: PHP/8.2.12
    [1] => Access-Control-Allow-Origin: http://localhost:5173
    [2] => Access-Control-Allow-Credentials: true
    [3] => Access-Control-Allow-Methods: GET, POST, PUT, DELETE, OPTIONS
    [4] => Access-Control-Allow-Headers: Origin, X-Requested-With, Content-Type, Accept, Authorization, Cookie
    [5] => Access-Control-Max-Age: 3600
    [6] => Content-Length: 0
    [7] => Content-type: text/plain;charset=UTF-8
)

2025-05-13 04:14:54 - OPTIONS Request
URI: /server_diem_danh/api/auth_api.php?action=login
Origin: http://localhost:5173
Headers sent: Array
(
    [0] => X-Powered-By: PHP/8.2.12
    [1] => Access-Control-Allow-Origin: http://localhost:5173
    [2] => Access-Control-Allow-Credentials: true
    [3] => Access-Control-Allow-Methods: GET, POST, PUT, DELETE, OPTIONS
    [4] => Access-Control-Allow-Headers: Origin, X-Requested-With, Content-Type, Accept, Authorization, Cookie
    [5] => Access-Control-Max-Age: 3600
    [6] => Content-Length: 0
    [7] => Content-type: text/plain;charset=UTF-8
)

2025-05-13 04:14:54 - OPTIONS Request
URI: /server_diem_danh/api/auth_api.php?action=login
Origin: http://localhost:5173
Headers sent: Array
(
    [0] => X-Powered-By: PHP/8.2.12
    [1] => Access-Control-Allow-Origin: http://localhost:5173
    [2] => Access-Control-Allow-Credentials: true
    [3] => Access-Control-Allow-Methods: GET, POST, PUT, DELETE, OPTIONS
    [4] => Access-Control-Allow-Headers: Origin, X-Requested-With, Content-Type, Accept, Authorization, Cookie
    [5] => Access-Control-Max-Age: 3600
    [6] => Content-Length: 0
    [7] => Content-type: text/plain;charset=UTF-8
)

2025-05-13 04:30:45 - OPTIONS Request
URI: /server_diem_danh/api/auth_api.php?action=login
Origin: http://localhost:5173
Headers: Array
(
    [Host] => localhost
    [Connection] => keep-alive
    [Accept] => */*
    [Access-Control-Request-Method] => OPTIONS
    [Origin] => http://localhost:5173
    [User-Agent] => Mozilla/5.0 (Windows NT 10.0; Win64; x64) AppleWebKit/537.36 (KHTML, like Gecko) Chrome/136.0.0.0 Safari/537.36
    [Sec-Fetch-Mode] => cors
    [Sec-Fetch-Site] => same-site
    [Sec-Fetch-Dest] => empty
    [Referer] => http://localhost:5173/
    [Accept-Encoding] => gzip, deflate, br, zstd
    [Accept-Language] => vi,en-US;q=0.9,en;q=0.8
)

Headers sent: Array
(
    [0] => X-Powered-By: PHP/8.2.12
    [1] => Access-Control-Allow-Origin: http://localhost:5173
    [2] => Access-Control-Allow-Credentials: true
    [3] => Access-Control-Allow-Methods: GET, POST, PUT, DELETE, OPTIONS
    [4] => Access-Control-Allow-Headers: Origin, X-Requested-With, Content-Type, Accept, Authorization, Cookie
    [5] => Access-Control-Max-Age: 3600
    [6] => Content-type: text/plain;charset=UTF-8
    [7] => Content-Length: 0
)

2025-05-13 04:30:45 - OPTIONS Request
URI: /server_diem_danh/api/auth_api.php?action=login
Origin: http://localhost:5173
Headers: Array
(
    [Host] => localhost
    [Connection] => keep-alive
    [Accept] => */*
    [Access-Control-Request-Method] => POST
    [Access-Control-Request-Headers] => content-type
    [Origin] => http://localhost:5173
    [User-Agent] => Mozilla/5.0 (Windows NT 10.0; Win64; x64) AppleWebKit/537.36 (KHTML, like Gecko) Chrome/136.0.0.0 Safari/537.36
    [Sec-Fetch-Mode] => cors
    [Sec-Fetch-Site] => same-site
    [Sec-Fetch-Dest] => empty
    [Referer] => http://localhost:5173/
    [Accept-Encoding] => gzip, deflate, br, zstd
    [Accept-Language] => vi,en-US;q=0.9,en;q=0.8
)

Headers sent: Array
(
    [0] => X-Powered-By: PHP/8.2.12
    [1] => Access-Control-Allow-Origin: http://localhost:5173
    [2] => Access-Control-Allow-Credentials: true
    [3] => Access-Control-Allow-Methods: GET, POST, PUT, DELETE, OPTIONS
    [4] => Access-Control-Allow-Headers: Origin, X-Requested-With, Content-Type, Accept, Authorization, Cookie
    [5] => Access-Control-Max-Age: 3600
    [6] => Content-type: text/plain;charset=UTF-8
    [7] => Content-Length: 0
)

