2025-05-13 18:46:59 - API: classes.php
Session ID: 57hgbl6u6fotusufet44nk8nsm
Session data: Array
(
    [user_id] => 16
    [username] => vananh
    [role] => teacher
    [last_activity] => 1747154059
    [ip] => ::1
    [teacher_id] => 1
)

Teacher ID from session: 1
2025-05-13 18:46:59 - API: classes.php
Session ID: 57hgbl6u6fotusufet44nk8nsm
Session data: Array
(
    [user_id] => 16
    [username] => vananh
    [role] => teacher
    [last_activity] => 1747154059
    [ip] => ::1
    [teacher_id] => 1
)

Teacher ID from session: 1
2025-05-13 18:47:01 - API: classes.php
Session ID: 57hgbl6u6fotusufet44nk8nsm
Session data: Array
(
    [user_id] => 16
    [username] => vananh
    [role] => teacher
    [last_activity] => 1747154059
    [ip] => ::1
    [teacher_id] => 1
)

Teacher ID from session: 1
2025-05-13 18:47:01 - API: classes.php
Session ID: 57hgbl6u6fotusufet44nk8nsm
Session data: Array
(
    [user_id] => 16
    [username] => vananh
    [role] => teacher
    [last_activity] => 1747154059
    [ip] => ::1
    [teacher_id] => 1
)

Teacher ID from session: 1
2025-05-14 04:27:46 - API: classes.php
Session ID: l6nteki8e20f2bs61p3pec5aat
Session data: Array
(
    [user_id] => 16
    [username] => vananh
    [role] => teacher
    [last_activity] => 1747189665
    [ip] => ::1
    [teacher_id] => 1
)

Teacher ID from session: 1
2025-05-14 04:27:46 - API: classes.php
Session ID: l6nteki8e20f2bs61p3pec5aat
Session data: Array
(
    [user_id] => 16
    [username] => vananh
    [role] => teacher
    [last_activity] => 1747189665
    [ip] => ::1
    [teacher_id] => 1
)

Teacher ID from session: 1
2025-05-14 04:27:48 - API: classes.php
Session ID: l6nteki8e20f2bs61p3pec5aat
Session data: Array
(
    [user_id] => 16
    [username] => vananh
    [role] => teacher
    [last_activity] => 1747189665
    [ip] => ::1
    [teacher_id] => 1
)

Teacher ID from session: 1
2025-05-14 04:27:48 - API: classes.php
Session ID: l6nteki8e20f2bs61p3pec5aat
Session data: Array
(
    [user_id] => 16
    [username] => vananh
    [role] => teacher
    [last_activity] => 1747189665
    [ip] => ::1
    [teacher_id] => 1
)

Teacher ID from session: 1
2025-05-14 04:33:49 - API: classes.php
Session ID: upforgs1t626mbqr9mjv9hutre
Session data: Array
(
    [user_id] => 16
    [username] => vananh
    [role] => teacher
    [last_activity] => 1747190028
    [ip] => ::1
    [teacher_id] => 1
)

Teacher ID from session: 1
2025-05-14 04:33:49 - API: classes.php
Session ID: upforgs1t626mbqr9mjv9hutre
Session data: Array
(
    [user_id] => 16
    [username] => vananh
    [role] => teacher
    [last_activity] => 1747190028
    [ip] => ::1
    [teacher_id] => 1
)

Teacher ID from session: 1
2025-05-14 04:33:51 - API: classes.php
Session ID: upforgs1t626mbqr9mjv9hutre
Session data: Array
(
    [user_id] => 16
    [username] => vananh
    [role] => teacher
    [last_activity] => 1747190028
    [ip] => ::1
    [teacher_id] => 1
)

Teacher ID from session: 1
2025-05-14 04:33:51 - API: classes.php
Session ID: upforgs1t626mbqr9mjv9hutre
Session data: Array
(
    [user_id] => 16
    [username] => vananh
    [role] => teacher
    [last_activity] => 1747190028
    [ip] => ::1
    [teacher_id] => 1
)

Teacher ID from session: 1
2025-05-14 04:35:46 - API: classes.php
Session ID: q5qtfr4okfor78qn072p9q1ccf
Session data: Array
(
    [user_id] => 16
    [username] => vananh
    [role] => teacher
    [last_activity] => 1747190144
    [ip] => ::1
    [teacher_id] => 1
)

Teacher ID from session: 1
2025-05-14 04:35:46 - API: classes.php
Session ID: q5qtfr4okfor78qn072p9q1ccf
Session data: Array
(
    [user_id] => 16
    [username] => vananh
    [role] => teacher
    [last_activity] => 1747190144
    [ip] => ::1
    [teacher_id] => 1
)

Teacher ID from session: 1
2025-05-14 04:35:46 - API: classes.php
Session ID: q5qtfr4okfor78qn072p9q1ccf
Session data: Array
(
    [user_id] => 16
    [username] => vananh
    [role] => teacher
    [last_activity] => 1747190144
    [ip] => ::1
    [teacher_id] => 1
)

Teacher ID from session: 1
2025-05-14 04:35:46 - API: classes.php
Session ID: q5qtfr4okfor78qn072p9q1ccf
Session data: Array
(
    [user_id] => 16
    [username] => vananh
    [role] => teacher
    [last_activity] => 1747190144
    [ip] => ::1
    [teacher_id] => 1
)

Teacher ID from session: 1
2025-05-14 04:35:50 - API: classes.php
Session ID: q5qtfr4okfor78qn072p9q1ccf
Session data: Array
(
    [user_id] => 16
    [username] => vananh
    [role] => teacher
    [last_activity] => 1747190144
    [ip] => ::1
    [teacher_id] => 1
)

Teacher ID from session: 1
2025-05-14 04:35:50 - API: classes.php
Session ID: q5qtfr4okfor78qn072p9q1ccf
Session data: Array
(
    [user_id] => 16
    [username] => vananh
    [role] => teacher
    [last_activity] => 1747190144
    [ip] => ::1
    [teacher_id] => 1
)

Teacher ID from session: 1
2025-05-14 04:36:05 - API: classes.php
Session ID: q5qtfr4okfor78qn072p9q1ccf
Session data: Array
(
    [user_id] => 16
    [username] => vananh
    [role] => teacher
    [last_activity] => 1747190144
    [ip] => ::1
    [teacher_id] => 1
)

Teacher ID from session: 1
2025-05-14 04:36:05 - API: classes.php
Session ID: q5qtfr4okfor78qn072p9q1ccf
Session data: Array
(
    [user_id] => 16
    [username] => vananh
    [role] => teacher
    [last_activity] => 1747190144
    [ip] => ::1
    [teacher_id] => 1
)

Teacher ID from session: 1
2025-05-14 04:36:06 - API: classes.php
Session ID: q5qtfr4okfor78qn072p9q1ccf
Session data: Array
(
    [user_id] => 16
    [username] => vananh
    [role] => teacher
    [last_activity] => 1747190144
    [ip] => ::1
    [teacher_id] => 1
)

Teacher ID from session: 1
2025-05-14 04:36:06 - API: classes.php
Session ID: q5qtfr4okfor78qn072p9q1ccf
Session data: Array
(
    [user_id] => 16
    [username] => vananh
    [role] => teacher
    [last_activity] => 1747190144
    [ip] => ::1
    [teacher_id] => 1
)

Teacher ID from session: 1
2025-05-14 04:40:33 - API: classes.php
Session ID: q5qtfr4okfor78qn072p9q1ccf
Session data: Array
(
    [user_id] => 16
    [username] => vananh
    [role] => teacher
    [last_activity] => 1747190144
    [ip] => ::1
    [teacher_id] => 1
)

Teacher ID from session: 1
2025-05-14 04:40:33 - API: classes.php
Session ID: q5qtfr4okfor78qn072p9q1ccf
Session data: Array
(
    [user_id] => 16
    [username] => vananh
    [role] => teacher
    [last_activity] => 1747190144
    [ip] => ::1
    [teacher_id] => 1
)

Teacher ID from session: 1
2025-05-14 04:41:37 - API: classes.php
Session ID: q5qtfr4okfor78qn072p9q1ccf
Session data: Array
(
    [user_id] => 16
    [username] => vananh
    [role] => teacher
    [last_activity] => 1747190144
    [ip] => ::1
    [teacher_id] => 1
)

Teacher ID from session: 1
2025-05-14 04:41:37 - API: classes.php
Session ID: q5qtfr4okfor78qn072p9q1ccf
Session data: Array
(
    [user_id] => 16
    [username] => vananh
    [role] => teacher
    [last_activity] => 1747190144
    [ip] => ::1
    [teacher_id] => 1
)

Teacher ID from session: 1
2025-05-14 04:42:58 - API: classes.php
Session ID: q5qtfr4okfor78qn072p9q1ccf
Session data: Array
(
    [user_id] => 16
    [username] => vananh
    [role] => teacher
    [last_activity] => 1747190144
    [ip] => ::1
    [teacher_id] => 1
)

Teacher ID from session: 1
2025-05-14 04:42:58 - API: classes.php
Session ID: q5qtfr4okfor78qn072p9q1ccf
Session data: Array
(
    [user_id] => 16
    [username] => vananh
    [role] => teacher
    [last_activity] => 1747190144
    [ip] => ::1
    [teacher_id] => 1
)

Teacher ID from session: 1
2025-05-14 04:43:08 - API: classes.php
Session ID: ie9omegsv1m07lpfhpdrkb3ma4
Session data: Array
(
    [user_id] => 16
    [username] => vananh
    [role] => teacher
    [last_activity] => 1747190587
    [ip] => ::1
    [teacher_id] => 1
)

Teacher ID from session: 1
2025-05-14 04:43:08 - API: classes.php
Session ID: ie9omegsv1m07lpfhpdrkb3ma4
Session data: Array
(
    [user_id] => 16
    [username] => vananh
    [role] => teacher
    [last_activity] => 1747190587
    [ip] => ::1
    [teacher_id] => 1
)

Teacher ID from session: 1
2025-05-14 04:43:09 - API: classes.php
Session ID: ie9omegsv1m07lpfhpdrkb3ma4
Session data: Array
(
    [user_id] => 16
    [username] => vananh
    [role] => teacher
    [last_activity] => 1747190587
    [ip] => ::1
    [teacher_id] => 1
)

Teacher ID from session: 1
2025-05-14 04:43:09 - API: classes.php
Session ID: ie9omegsv1m07lpfhpdrkb3ma4
Session data: Array
(
    [user_id] => 16
    [username] => vananh
    [role] => teacher
    [last_activity] => 1747190587
    [ip] => ::1
    [teacher_id] => 1
)

Teacher ID from session: 1
2025-05-14 04:45:30 - API: classes.php
Session ID: ie9omegsv1m07lpfhpdrkb3ma4
Session data: Array
(
    [user_id] => 16
    [username] => vananh
    [role] => teacher
    [last_activity] => 1747190587
    [ip] => ::1
    [teacher_id] => 1
)

Teacher ID from session: 1
2025-05-14 04:45:30 - API: classes.php
Session ID: ie9omegsv1m07lpfhpdrkb3ma4
Session data: Array
(
    [user_id] => 16
    [username] => vananh
    [role] => teacher
    [last_activity] => 1747190587
    [ip] => ::1
    [teacher_id] => 1
)

Teacher ID from session: 1
2025-05-14 04:46:22 - API: classes.php
Session ID: ie9omegsv1m07lpfhpdrkb3ma4
Session data: Array
(
    [user_id] => 16
    [username] => vananh
    [role] => teacher
    [last_activity] => 1747190587
    [ip] => ::1
    [teacher_id] => 1
)

Teacher ID from session: 1
2025-05-14 04:46:22 - API: classes.php
Session ID: ie9omegsv1m07lpfhpdrkb3ma4
Session data: Array
(
    [user_id] => 16
    [username] => vananh
    [role] => teacher
    [last_activity] => 1747190587
    [ip] => ::1
    [teacher_id] => 1
)

Teacher ID from session: 1
2025-05-14 04:51:02 - API: classes.php
Session ID: ie9omegsv1m07lpfhpdrkb3ma4
Session data: Array
(
    [user_id] => 16
    [username] => vananh
    [role] => teacher
    [last_activity] => 1747190587
    [ip] => ::1
    [teacher_id] => 1
)

Teacher ID from session: 1
2025-05-14 04:51:02 - API: classes.php
Session ID: ie9omegsv1m07lpfhpdrkb3ma4
Session data: Array
(
    [user_id] => 16
    [username] => vananh
    [role] => teacher
    [last_activity] => 1747190587
    [ip] => ::1
    [teacher_id] => 1
)

Teacher ID from session: 1
2025-05-14 04:51:41 - API: classes.php
Session ID: ie9omegsv1m07lpfhpdrkb3ma4
Session data: Array
(
    [user_id] => 16
    [username] => vananh
    [role] => teacher
    [last_activity] => 1747190587
    [ip] => ::1
    [teacher_id] => 1
)

Teacher ID from session: 1
2025-05-14 04:51:41 - API: classes.php
Session ID: ie9omegsv1m07lpfhpdrkb3ma4
Session data: Array
(
    [user_id] => 16
    [username] => vananh
    [role] => teacher
    [last_activity] => 1747190587
    [ip] => ::1
    [teacher_id] => 1
)

Teacher ID from session: 1
2025-05-14 04:51:41 - API: classes.php
Session ID: ie9omegsv1m07lpfhpdrkb3ma4
Session data: Array
(
    [user_id] => 16
    [username] => vananh
    [role] => teacher
    [last_activity] => 1747190587
    [ip] => ::1
    [teacher_id] => 1
)

Teacher ID from session: 1
2025-05-14 04:51:41 - API: classes.php
Session ID: ie9omegsv1m07lpfhpdrkb3ma4
Session data: Array
(
    [user_id] => 16
    [username] => vananh
    [role] => teacher
    [last_activity] => 1747190587
    [ip] => ::1
    [teacher_id] => 1
)

Teacher ID from session: 1
2025-05-14 04:52:09 - API: classes.php
Session ID: c8vocp1ujr9mq71srhvfak6ee5
Session data: Array
(
    [user_id] => 16
    [username] => vananh
    [role] => teacher
    [last_activity] => 1747191128
    [ip] => ::1
    [teacher_id] => 1
)

Teacher ID from session: 1
2025-05-14 04:52:09 - API: classes.php
Session ID: c8vocp1ujr9mq71srhvfak6ee5
Session data: Array
(
    [user_id] => 16
    [username] => vananh
    [role] => teacher
    [last_activity] => 1747191128
    [ip] => ::1
    [teacher_id] => 1
)

Teacher ID from session: 1
2025-05-14 04:52:10 - API: classes.php
Session ID: c8vocp1ujr9mq71srhvfak6ee5
Session data: Array
(
    [user_id] => 16
    [username] => vananh
    [role] => teacher
    [last_activity] => 1747191128
    [ip] => ::1
    [teacher_id] => 1
)

Teacher ID from session: 1
2025-05-14 04:52:10 - API: classes.php
Session ID: c8vocp1ujr9mq71srhvfak6ee5
Session data: Array
(
    [user_id] => 16
    [username] => vananh
    [role] => teacher
    [last_activity] => 1747191128
    [ip] => ::1
    [teacher_id] => 1
)

Teacher ID from session: 1
2025-05-14 04:54:14 - API: classes.php
Session ID: c8vocp1ujr9mq71srhvfak6ee5
Session data: Array
(
    [user_id] => 16
    [username] => vananh
    [role] => teacher
    [last_activity] => 1747191128
    [ip] => ::1
    [teacher_id] => 1
)

Teacher ID from session: 1
2025-05-14 04:54:14 - API: classes.php
Session ID: c8vocp1ujr9mq71srhvfak6ee5
Session data: Array
(
    [user_id] => 16
    [username] => vananh
    [role] => teacher
    [last_activity] => 1747191128
    [ip] => ::1
    [teacher_id] => 1
)

Teacher ID from session: 1
2025-05-14 05:00:55 - API: classes.php
Session ID: c8vocp1ujr9mq71srhvfak6ee5
Session data: Array
(
    [user_id] => 16
    [username] => vananh
    [role] => teacher
    [last_activity] => 1747191128
    [ip] => ::1
    [teacher_id] => 1
)

Teacher ID from session: 1
2025-05-14 05:00:56 - API: classes.php
Session ID: c8vocp1ujr9mq71srhvfak6ee5
Session data: Array
(
    [user_id] => 16
    [username] => vananh
    [role] => teacher
    [last_activity] => 1747191128
    [ip] => ::1
    [teacher_id] => 1
)

Teacher ID from session: 1
2025-05-14 05:01:01 - API: classes.php
Session ID: c8vocp1ujr9mq71srhvfak6ee5
Session data: Array
(
    [user_id] => 16
    [username] => vananh
    [role] => teacher
    [last_activity] => 1747191128
    [ip] => ::1
    [teacher_id] => 1
)

Teacher ID from session: 1
2025-05-14 05:01:01 - API: classes.php
Session ID: c8vocp1ujr9mq71srhvfak6ee5
Session data: Array
(
    [user_id] => 16
    [username] => vananh
    [role] => teacher
    [last_activity] => 1747191128
    [ip] => ::1
    [teacher_id] => 1
)

Teacher ID from session: 1
2025-05-14 05:01:24 - API: classes.php
Session ID: c8vocp1ujr9mq71srhvfak6ee5
Session data: Array
(
    [user_id] => 16
    [username] => vananh
    [role] => teacher
    [last_activity] => 1747191128
    [ip] => ::1
    [teacher_id] => 1
)

Teacher ID from session: 1
2025-05-14 05:01:24 - API: classes.php
Session ID: c8vocp1ujr9mq71srhvfak6ee5
Session data: Array
(
    [user_id] => 16
    [username] => vananh
    [role] => teacher
    [last_activity] => 1747191128
    [ip] => ::1
    [teacher_id] => 1
)

Teacher ID from session: 1
2025-05-14 05:01:28 - API: classes.php
Session ID: c8vocp1ujr9mq71srhvfak6ee5
Session data: Array
(
    [user_id] => 16
    [username] => vananh
    [role] => teacher
    [last_activity] => 1747191128
    [ip] => ::1
    [teacher_id] => 1
)

Teacher ID from session: 1
2025-05-14 05:01:28 - API: classes.php
Session ID: c8vocp1ujr9mq71srhvfak6ee5
Session data: Array
(
    [user_id] => 16
    [username] => vananh
    [role] => teacher
    [last_activity] => 1747191128
    [ip] => ::1
    [teacher_id] => 1
)

Teacher ID from session: 1
2025-05-14 05:01:33 - API: classes.php
Session ID: c8vocp1ujr9mq71srhvfak6ee5
Session data: Array
(
    [user_id] => 16
    [username] => vananh
    [role] => teacher
    [last_activity] => 1747191128
    [ip] => ::1
    [teacher_id] => 1
)

Teacher ID from session: 1
2025-05-14 05:01:33 - API: classes.php
Session ID: c8vocp1ujr9mq71srhvfak6ee5
Session data: Array
(
    [user_id] => 16
    [username] => vananh
    [role] => teacher
    [last_activity] => 1747191128
    [ip] => ::1
    [teacher_id] => 1
)

Teacher ID from session: 1
2025-05-14 05:02:24 - API: classes.php
Session ID: c8vocp1ujr9mq71srhvfak6ee5
Session data: Array
(
    [user_id] => 16
    [username] => vananh
    [role] => teacher
    [last_activity] => 1747191128
    [ip] => ::1
    [teacher_id] => 1
)

Teacher ID from session: 1
2025-05-14 05:02:24 - API: classes.php
Session ID: c8vocp1ujr9mq71srhvfak6ee5
Session data: Array
(
    [user_id] => 16
    [username] => vananh
    [role] => teacher
    [last_activity] => 1747191128
    [ip] => ::1
    [teacher_id] => 1
)

Teacher ID from session: 1
2025-05-14 05:25:12 - API: classes.php
Session ID: c8vocp1ujr9mq71srhvfak6ee5
Session data: Array
(
    [user_id] => 16
    [username] => vananh
    [role] => teacher
    [last_activity] => 1747191128
    [ip] => ::1
    [teacher_id] => 1
)

Teacher ID from session: 1
2025-05-14 05:25:12 - API: classes.php
Session ID: c8vocp1ujr9mq71srhvfak6ee5
Session data: Array
(
    [user_id] => 16
    [username] => vananh
    [role] => teacher
    [last_activity] => 1747191128
    [ip] => ::1
    [teacher_id] => 1
)

Teacher ID from session: 1
2025-05-14 05:27:05 - API: classes.php
Session ID: c8vocp1ujr9mq71srhvfak6ee5
Session data: Array
(
    [user_id] => 16
    [username] => vananh
    [role] => teacher
    [last_activity] => 1747191128
    [ip] => ::1
    [teacher_id] => 1
)

Teacher ID from session: 1
2025-05-14 05:27:05 - API: classes.php
Session ID: c8vocp1ujr9mq71srhvfak6ee5
Session data: Array
(
    [user_id] => 16
    [username] => vananh
    [role] => teacher
    [last_activity] => 1747191128
    [ip] => ::1
    [teacher_id] => 1
)

Teacher ID from session: 1
2025-05-14 05:29:38 - API: classes.php
Session ID: c8vocp1ujr9mq71srhvfak6ee5
Session data: Array
(
    [user_id] => 16
    [username] => vananh
    [role] => teacher
    [last_activity] => 1747191128
    [ip] => ::1
    [teacher_id] => 1
)

Teacher ID from session: 1
2025-05-14 05:29:38 - API: classes.php
Session ID: c8vocp1ujr9mq71srhvfak6ee5
Session data: Array
(
    [user_id] => 16
    [username] => vananh
    [role] => teacher
    [last_activity] => 1747191128
    [ip] => ::1
    [teacher_id] => 1
)

Teacher ID from session: 1
2025-05-14 05:29:46 - API: classes.php
Session ID: c8vocp1ujr9mq71srhvfak6ee5
Session data: Array
(
    [user_id] => 16
    [username] => vananh
    [role] => teacher
    [last_activity] => 1747191128
    [ip] => ::1
    [teacher_id] => 1
)

Teacher ID from session: 1
2025-05-14 05:29:46 - API: classes.php
Session ID: c8vocp1ujr9mq71srhvfak6ee5
Session data: Array
(
    [user_id] => 16
    [username] => vananh
    [role] => teacher
    [last_activity] => 1747191128
    [ip] => ::1
    [teacher_id] => 1
)

Teacher ID from session: 1
2025-05-14 05:30:04 - API: classes.php
Session ID: c8vocp1ujr9mq71srhvfak6ee5
Session data: Array
(
    [user_id] => 16
    [username] => vananh
    [role] => teacher
    [last_activity] => 1747191128
    [ip] => ::1
    [teacher_id] => 1
)

Teacher ID from session: 1
2025-05-14 05:30:04 - API: classes.php
Session ID: c8vocp1ujr9mq71srhvfak6ee5
Session data: Array
(
    [user_id] => 16
    [username] => vananh
    [role] => teacher
    [last_activity] => 1747191128
    [ip] => ::1
    [teacher_id] => 1
)

Teacher ID from session: 1
2025-05-14 05:30:08 - API: classes.php
Session ID: c8vocp1ujr9mq71srhvfak6ee5
Session data: Array
(
    [user_id] => 16
    [username] => vananh
    [role] => teacher
    [last_activity] => 1747191128
    [ip] => ::1
    [teacher_id] => 1
)

Teacher ID from session: 1
2025-05-14 05:30:08 - API: classes.php
Session ID: c8vocp1ujr9mq71srhvfak6ee5
Session data: Array
(
    [user_id] => 16
    [username] => vananh
    [role] => teacher
    [last_activity] => 1747191128
    [ip] => ::1
    [teacher_id] => 1
)

Teacher ID from session: 1
2025-05-14 05:30:12 - API: classes.php
Session ID: c8vocp1ujr9mq71srhvfak6ee5
Session data: Array
(
    [user_id] => 16
    [username] => vananh
    [role] => teacher
    [last_activity] => 1747191128
    [ip] => ::1
    [teacher_id] => 1
)

Teacher ID from session: 1
2025-05-14 05:30:12 - API: classes.php
Session ID: c8vocp1ujr9mq71srhvfak6ee5
Session data: Array
(
    [user_id] => 16
    [username] => vananh
    [role] => teacher
    [last_activity] => 1747191128
    [ip] => ::1
    [teacher_id] => 1
)

Teacher ID from session: 1
2025-05-14 05:33:10 - API: classes.php
Session ID: c8vocp1ujr9mq71srhvfak6ee5
Session data: Array
(
    [user_id] => 16
    [username] => vananh
    [role] => teacher
    [last_activity] => 1747191128
    [ip] => ::1
    [teacher_id] => 1
)

Teacher ID from session: 1
2025-05-14 05:33:10 - API: classes.php
Session ID: c8vocp1ujr9mq71srhvfak6ee5
Session data: Array
(
    [user_id] => 16
    [username] => vananh
    [role] => teacher
    [last_activity] => 1747191128
    [ip] => ::1
    [teacher_id] => 1
)

Teacher ID from session: 1
2025-05-14 05:33:13 - API: classes.php
Session ID: c8vocp1ujr9mq71srhvfak6ee5
Session data: Array
(
    [user_id] => 16
    [username] => vananh
    [role] => teacher
    [last_activity] => 1747191128
    [ip] => ::1
    [teacher_id] => 1
)

Teacher ID from session: 1
2025-05-14 05:33:13 - API: classes.php
Session ID: c8vocp1ujr9mq71srhvfak6ee5
Session data: Array
(
    [user_id] => 16
    [username] => vananh
    [role] => teacher
    [last_activity] => 1747191128
    [ip] => ::1
    [teacher_id] => 1
)

Teacher ID from session: 1
2025-05-14 05:33:22 - API: classes.php
Session ID: c8vocp1ujr9mq71srhvfak6ee5
Session data: Array
(
    [user_id] => 16
    [username] => vananh
    [role] => teacher
    [last_activity] => 1747191128
    [ip] => ::1
    [teacher_id] => 1
)

Teacher ID from session: 1
2025-05-14 05:33:22 - API: classes.php
Session ID: c8vocp1ujr9mq71srhvfak6ee5
Session data: Array
(
    [user_id] => 16
    [username] => vananh
    [role] => teacher
    [last_activity] => 1747191128
    [ip] => ::1
    [teacher_id] => 1
)

Teacher ID from session: 1
2025-05-14 05:37:57 - API: classes.php
Session ID: c8vocp1ujr9mq71srhvfak6ee5
Session data: Array
(
    [user_id] => 16
    [username] => vananh
    [role] => teacher
    [last_activity] => 1747191128
    [ip] => ::1
    [teacher_id] => 1
)

Teacher ID from session: 1
2025-05-14 05:37:57 - API: classes.php
Session ID: c8vocp1ujr9mq71srhvfak6ee5
Session data: Array
(
    [user_id] => 16
    [username] => vananh
    [role] => teacher
    [last_activity] => 1747191128
    [ip] => ::1
    [teacher_id] => 1
)

Teacher ID from session: 1
2025-05-14 05:38:02 - API: classes.php
Session ID: c8vocp1ujr9mq71srhvfak6ee5
Session data: Array
(
    [user_id] => 16
    [username] => vananh
    [role] => teacher
    [last_activity] => 1747191128
    [ip] => ::1
    [teacher_id] => 1
)

Teacher ID from session: 1
2025-05-14 05:38:02 - API: classes.php
Session ID: c8vocp1ujr9mq71srhvfak6ee5
Session data: Array
(
    [user_id] => 16
    [username] => vananh
    [role] => teacher
    [last_activity] => 1747191128
    [ip] => ::1
    [teacher_id] => 1
)

Teacher ID from session: 1
2025-05-14 05:38:10 - API: classes.php
Session ID: c8vocp1ujr9mq71srhvfak6ee5
Session data: Array
(
    [user_id] => 16
    [username] => vananh
    [role] => teacher
    [last_activity] => 1747191128
    [ip] => ::1
    [teacher_id] => 1
)

Teacher ID from session: 1
2025-05-14 05:38:10 - API: classes.php
Session ID: c8vocp1ujr9mq71srhvfak6ee5
Session data: Array
(
    [user_id] => 16
    [username] => vananh
    [role] => teacher
    [last_activity] => 1747191128
    [ip] => ::1
    [teacher_id] => 1
)

Teacher ID from session: 1
2025-05-14 05:38:16 - API: classes.php
Session ID: c8vocp1ujr9mq71srhvfak6ee5
Session data: Array
(
    [user_id] => 16
    [username] => vananh
    [role] => teacher
    [last_activity] => 1747191128
    [ip] => ::1
    [teacher_id] => 1
)

Teacher ID from session: 1
2025-05-14 05:38:16 - API: classes.php
Session ID: c8vocp1ujr9mq71srhvfak6ee5
Session data: Array
(
    [user_id] => 16
    [username] => vananh
    [role] => teacher
    [last_activity] => 1747191128
    [ip] => ::1
    [teacher_id] => 1
)

Teacher ID from session: 1
2025-05-14 05:38:16 - API: classes.php
Session ID: c8vocp1ujr9mq71srhvfak6ee5
Session data: Array
(
    [user_id] => 16
    [username] => vananh
    [role] => teacher
    [last_activity] => 1747191128
    [ip] => ::1
    [teacher_id] => 1
)

Teacher ID from session: 1
2025-05-14 05:38:16 - API: classes.php
Session ID: c8vocp1ujr9mq71srhvfak6ee5
Session data: Array
(
    [user_id] => 16
    [username] => vananh
    [role] => teacher
    [last_activity] => 1747191128
    [ip] => ::1
    [teacher_id] => 1
)

Teacher ID from session: 1
2025-05-14 05:38:23 - API: classes.php
Session ID: c8vocp1ujr9mq71srhvfak6ee5
Session data: Array
(
    [user_id] => 16
    [username] => vananh
    [role] => teacher
    [last_activity] => 1747191128
    [ip] => ::1
    [teacher_id] => 1
)

Teacher ID from session: 1
2025-05-14 05:38:23 - API: classes.php
Session ID: c8vocp1ujr9mq71srhvfak6ee5
Session data: Array
(
    [user_id] => 16
    [username] => vananh
    [role] => teacher
    [last_activity] => 1747191128
    [ip] => ::1
    [teacher_id] => 1
)

Teacher ID from session: 1
2025-05-14 05:38:26 - API: classes.php
Session ID: c8vocp1ujr9mq71srhvfak6ee5
Session data: Array
(
    [user_id] => 16
    [username] => vananh
    [role] => teacher
    [last_activity] => 1747191128
    [ip] => ::1
    [teacher_id] => 1
)

Teacher ID from session: 1
2025-05-14 05:38:26 - API: classes.php
Session ID: c8vocp1ujr9mq71srhvfak6ee5
Session data: Array
(
    [user_id] => 16
    [username] => vananh
    [role] => teacher
    [last_activity] => 1747191128
    [ip] => ::1
    [teacher_id] => 1
)

Teacher ID from session: 1
2025-05-14 05:38:27 - API: classes.php
Session ID: c8vocp1ujr9mq71srhvfak6ee5
Session data: Array
(
    [user_id] => 16
    [username] => vananh
    [role] => teacher
    [last_activity] => 1747191128
    [ip] => ::1
    [teacher_id] => 1
)

Teacher ID from session: 1
2025-05-14 05:38:27 - API: classes.php
Session ID: c8vocp1ujr9mq71srhvfak6ee5
Session data: Array
(
    [user_id] => 16
    [username] => vananh
    [role] => teacher
    [last_activity] => 1747191128
    [ip] => ::1
    [teacher_id] => 1
)

Teacher ID from session: 1
2025-05-14 05:38:27 - API: classes.php
Session ID: c8vocp1ujr9mq71srhvfak6ee5
Session data: Array
(
    [user_id] => 16
    [username] => vananh
    [role] => teacher
    [last_activity] => 1747191128
    [ip] => ::1
    [teacher_id] => 1
)

Teacher ID from session: 1
2025-05-14 05:38:28 - API: classes.php
Session ID: c8vocp1ujr9mq71srhvfak6ee5
Session data: Array
(
    [user_id] => 16
    [username] => vananh
    [role] => teacher
    [last_activity] => 1747191128
    [ip] => ::1
    [teacher_id] => 1
)

Teacher ID from session: 1
2025-05-14 05:38:37 - API: classes.php
Session ID: 7j4luq6liaptipippmpcdghmms
Session data: Array
(
    [user_id] => 16
    [username] => vananh
    [role] => teacher
    [last_activity] => 1747193916
    [ip] => ::1
    [teacher_id] => 1
)

Teacher ID from session: 1
2025-05-14 05:38:37 - API: classes.php
Session ID: 7j4luq6liaptipippmpcdghmms
Session data: Array
(
    [user_id] => 16
    [username] => vananh
    [role] => teacher
    [last_activity] => 1747193916
    [ip] => ::1
    [teacher_id] => 1
)

Teacher ID from session: 1
2025-05-14 05:38:38 - API: classes.php
Session ID: 7j4luq6liaptipippmpcdghmms
Session data: Array
(
    [user_id] => 16
    [username] => vananh
    [role] => teacher
    [last_activity] => 1747193916
    [ip] => ::1
    [teacher_id] => 1
)

Teacher ID from session: 1
2025-05-14 05:38:38 - API: classes.php
Session ID: 7j4luq6liaptipippmpcdghmms
Session data: Array
(
    [user_id] => 16
    [username] => vananh
    [role] => teacher
    [last_activity] => 1747193916
    [ip] => ::1
    [teacher_id] => 1
)

Teacher ID from session: 1
2025-05-14 05:52:10 - API: classes.php
Session ID: g6duilpraq3jegvbahmsp4ldn5
Session data: Array
(
    [user_id] => 16
    [username] => vananh
    [role] => teacher
    [last_activity] => 1747194729
    [ip] => ::1
    [teacher_id] => 1
)

Teacher ID from session: 1
2025-05-14 05:52:10 - API: classes.php
Session ID: g6duilpraq3jegvbahmsp4ldn5
Session data: Array
(
    [user_id] => 16
    [username] => vananh
    [role] => teacher
    [last_activity] => 1747194729
    [ip] => ::1
    [teacher_id] => 1
)

Teacher ID from session: 1
2025-05-14 05:52:11 - API: classes.php
Session ID: g6duilpraq3jegvbahmsp4ldn5
Session data: Array
(
    [user_id] => 16
    [username] => vananh
    [role] => teacher
    [last_activity] => 1747194729
    [ip] => ::1
    [teacher_id] => 1
)

Teacher ID from session: 1
2025-05-14 05:52:11 - API: classes.php
Session ID: g6duilpraq3jegvbahmsp4ldn5
Session data: Array
(
    [user_id] => 16
    [username] => vananh
    [role] => teacher
    [last_activity] => 1747194729
    [ip] => ::1
    [teacher_id] => 1
)

Teacher ID from session: 1
2025-05-14 05:58:45 - API: classes.php
Session ID: g6duilpraq3jegvbahmsp4ldn5
Session data: Array
(
    [user_id] => 16
    [username] => vananh
    [role] => teacher
    [last_activity] => 1747194729
    [ip] => ::1
    [teacher_id] => 1
)

Teacher ID from session: 1
2025-05-14 05:58:45 - API: classes.php
Session ID: g6duilpraq3jegvbahmsp4ldn5
Session data: Array
(
    [user_id] => 16
    [username] => vananh
    [role] => teacher
    [last_activity] => 1747194729
    [ip] => ::1
    [teacher_id] => 1
)

Teacher ID from session: 1
2025-05-14 05:58:50 - API: classes.php
Session ID: g6duilpraq3jegvbahmsp4ldn5
Session data: Array
(
    [user_id] => 16
    [username] => vananh
    [role] => teacher
    [last_activity] => 1747194729
    [ip] => ::1
    [teacher_id] => 1
)

Teacher ID from session: 1
2025-05-14 05:58:50 - API: classes.php
Session ID: g6duilpraq3jegvbahmsp4ldn5
Session data: Array
(
    [user_id] => 16
    [username] => vananh
    [role] => teacher
    [last_activity] => 1747194729
    [ip] => ::1
    [teacher_id] => 1
)

Teacher ID from session: 1
2025-05-14 05:59:05 - API: classes.php
Session ID: g6duilpraq3jegvbahmsp4ldn5
Session data: Array
(
    [user_id] => 16
    [username] => vananh
    [role] => teacher
    [last_activity] => 1747194729
    [ip] => ::1
    [teacher_id] => 1
)

Teacher ID from session: 1
2025-05-14 05:59:05 - API: classes.php
Session ID: g6duilpraq3jegvbahmsp4ldn5
Session data: Array
(
    [user_id] => 16
    [username] => vananh
    [role] => teacher
    [last_activity] => 1747194729
    [ip] => ::1
    [teacher_id] => 1
)

Teacher ID from session: 1
2025-05-14 05:59:08 - API: classes.php
Session ID: g6duilpraq3jegvbahmsp4ldn5
Session data: Array
(
    [user_id] => 16
    [username] => vananh
    [role] => teacher
    [last_activity] => 1747194729
    [ip] => ::1
    [teacher_id] => 1
)

Teacher ID from session: 1
2025-05-14 05:59:08 - API: classes.php
Session ID: g6duilpraq3jegvbahmsp4ldn5
Session data: Array
(
    [user_id] => 16
    [username] => vananh
    [role] => teacher
    [last_activity] => 1747194729
    [ip] => ::1
    [teacher_id] => 1
)

Teacher ID from session: 1
2025-05-14 06:12:21 - API: classes.php
Session ID: g6duilpraq3jegvbahmsp4ldn5
Session data: Array
(
    [user_id] => 16
    [username] => vananh
    [role] => teacher
    [last_activity] => 1747194729
    [ip] => ::1
    [teacher_id] => 1
)

Teacher ID from session: 1
2025-05-14 06:12:21 - API: classes.php
Session ID: g6duilpraq3jegvbahmsp4ldn5
Session data: Array
(
    [user_id] => 16
    [username] => vananh
    [role] => teacher
    [last_activity] => 1747194729
    [ip] => ::1
    [teacher_id] => 1
)

Teacher ID from session: 1
2025-05-14 06:12:24 - API: classes.php
Session ID: g6duilpraq3jegvbahmsp4ldn5
Session data: Array
(
    [user_id] => 16
    [username] => vananh
    [role] => teacher
    [last_activity] => 1747194729
    [ip] => ::1
    [teacher_id] => 1
)

Teacher ID from session: 1
2025-05-14 06:12:24 - API: classes.php
Session ID: g6duilpraq3jegvbahmsp4ldn5
Session data: Array
(
    [user_id] => 16
    [username] => vananh
    [role] => teacher
    [last_activity] => 1747194729
    [ip] => ::1
    [teacher_id] => 1
)

Teacher ID from session: 1
2025-05-14 06:12:38 - API: classes.php
Session ID: g6duilpraq3jegvbahmsp4ldn5
Session data: Array
(
    [user_id] => 16
    [username] => vananh
    [role] => teacher
    [last_activity] => 1747194729
    [ip] => ::1
    [teacher_id] => 1
)

Teacher ID from session: 1
2025-05-14 06:12:38 - API: classes.php
Session ID: g6duilpraq3jegvbahmsp4ldn5
Session data: Array
(
    [user_id] => 16
    [username] => vananh
    [role] => teacher
    [last_activity] => 1747194729
    [ip] => ::1
    [teacher_id] => 1
)

Teacher ID from session: 1
2025-05-14 06:15:05 - API: classes.php
Session ID: g6duilpraq3jegvbahmsp4ldn5
Session data: Array
(
    [user_id] => 16
    [username] => vananh
    [role] => teacher
    [last_activity] => 1747194729
    [ip] => ::1
    [teacher_id] => 1
)

Teacher ID from session: 1
2025-05-14 06:15:06 - API: classes.php
Session ID: g6duilpraq3jegvbahmsp4ldn5
Session data: Array
(
    [user_id] => 16
    [username] => vananh
    [role] => teacher
    [last_activity] => 1747194729
    [ip] => ::1
    [teacher_id] => 1
)

Teacher ID from session: 1
2025-05-14 06:17:56 - API: classes.php
Session ID: g6duilpraq3jegvbahmsp4ldn5
Session data: Array
(
    [user_id] => 16
    [username] => vananh
    [role] => teacher
    [last_activity] => 1747194729
    [ip] => ::1
    [teacher_id] => 1
)

Teacher ID from session: 1
2025-05-14 06:17:56 - API: classes.php
Session ID: g6duilpraq3jegvbahmsp4ldn5
Session data: Array
(
    [user_id] => 16
    [username] => vananh
    [role] => teacher
    [last_activity] => 1747194729
    [ip] => ::1
    [teacher_id] => 1
)

Teacher ID from session: 1
2025-05-14 06:17:59 - API: classes.php
Session ID: g6duilpraq3jegvbahmsp4ldn5
Session data: Array
(
    [user_id] => 16
    [username] => vananh
    [role] => teacher
    [last_activity] => 1747194729
    [ip] => ::1
    [teacher_id] => 1
)

Teacher ID from session: 1
2025-05-14 06:17:59 - API: classes.php
Session ID: g6duilpraq3jegvbahmsp4ldn5
Session data: Array
(
    [user_id] => 16
    [username] => vananh
    [role] => teacher
    [last_activity] => 1747194729
    [ip] => ::1
    [teacher_id] => 1
)

Teacher ID from session: 1
2025-05-14 06:22:58 - API: classes.php
Session ID: g6duilpraq3jegvbahmsp4ldn5
Session data: Array
(
    [user_id] => 16
    [username] => vananh
    [role] => teacher
    [last_activity] => 1747194729
    [ip] => ::1
    [teacher_id] => 1
)

Teacher ID from session: 1
2025-05-14 06:22:58 - API: classes.php
Session ID: g6duilpraq3jegvbahmsp4ldn5
Session data: Array
(
    [user_id] => 16
    [username] => vananh
    [role] => teacher
    [last_activity] => 1747194729
    [ip] => ::1
    [teacher_id] => 1
)

Teacher ID from session: 1
2025-05-14 06:23:00 - API: classes.php
Session ID: g6duilpraq3jegvbahmsp4ldn5
Session data: Array
(
    [user_id] => 16
    [username] => vananh
    [role] => teacher
    [last_activity] => 1747194729
    [ip] => ::1
    [teacher_id] => 1
)

Teacher ID from session: 1
2025-05-14 06:23:00 - API: classes.php
Session ID: g6duilpraq3jegvbahmsp4ldn5
Session data: Array
(
    [user_id] => 16
    [username] => vananh
    [role] => teacher
    [last_activity] => 1747194729
    [ip] => ::1
    [teacher_id] => 1
)

Teacher ID from session: 1
2025-05-14 06:26:55 - API: classes.php
Session ID: g6duilpraq3jegvbahmsp4ldn5
Session data: Array
(
    [user_id] => 16
    [username] => vananh
    [role] => teacher
    [last_activity] => 1747194729
    [ip] => ::1
    [teacher_id] => 1
)

Teacher ID from session: 1
2025-05-14 06:26:55 - API: classes.php
Session ID: g6duilpraq3jegvbahmsp4ldn5
Session data: Array
(
    [user_id] => 16
    [username] => vananh
    [role] => teacher
    [last_activity] => 1747194729
    [ip] => ::1
    [teacher_id] => 1
)

Teacher ID from session: 1
2025-05-14 06:30:57 - API: classes.php
Session ID: g6duilpraq3jegvbahmsp4ldn5
Session data: Array
(
    [user_id] => 16
    [username] => vananh
    [role] => teacher
    [last_activity] => 1747194729
    [ip] => ::1
    [teacher_id] => 1
)

Teacher ID from session: 1
2025-05-14 06:30:57 - API: classes.php
Session ID: g6duilpraq3jegvbahmsp4ldn5
Session data: Array
(
    [user_id] => 16
    [username] => vananh
    [role] => teacher
    [last_activity] => 1747194729
    [ip] => ::1
    [teacher_id] => 1
)

Teacher ID from session: 1
2025-05-14 06:31:04 - API: classes.php
Session ID: kcas5et34bccff8v7nlq10900k
Session data: Array
(
    [user_id] => 16
    [username] => vananh
    [role] => teacher
    [last_activity] => 1747197063
    [ip] => ::1
    [teacher_id] => 1
)

Teacher ID from session: 1
2025-05-14 06:31:04 - API: classes.php
Session ID: kcas5et34bccff8v7nlq10900k
Session data: Array
(
    [user_id] => 16
    [username] => vananh
    [role] => teacher
    [last_activity] => 1747197063
    [ip] => ::1
    [teacher_id] => 1
)

Teacher ID from session: 1
2025-05-14 06:31:05 - API: classes.php
Session ID: kcas5et34bccff8v7nlq10900k
Session data: Array
(
    [user_id] => 16
    [username] => vananh
    [role] => teacher
    [last_activity] => 1747197063
    [ip] => ::1
    [teacher_id] => 1
)

Teacher ID from session: 1
2025-05-14 06:31:05 - API: classes.php
Session ID: kcas5et34bccff8v7nlq10900k
Session data: Array
(
    [user_id] => 16
    [username] => vananh
    [role] => teacher
    [last_activity] => 1747197063
    [ip] => ::1
    [teacher_id] => 1
)

Teacher ID from session: 1
2025-05-14 06:36:01 - API: classes.php
Session ID: dajm75p4aqfp1062cajn91rpre
Session data: Array
(
    [user_id] => 16
    [username] => vananh
    [role] => teacher
    [last_activity] => 1747197361
    [ip] => ::1
    [teacher_id] => 1
)

Teacher ID from session: 1
2025-05-14 06:36:01 - API: classes.php
Session ID: dajm75p4aqfp1062cajn91rpre
Session data: Array
(
    [user_id] => 16
    [username] => vananh
    [role] => teacher
    [last_activity] => 1747197361
    [ip] => ::1
    [teacher_id] => 1
)

Teacher ID from session: 1
2025-05-14 06:36:02 - API: classes.php
Session ID: dajm75p4aqfp1062cajn91rpre
Session data: Array
(
    [user_id] => 16
    [username] => vananh
    [role] => teacher
    [last_activity] => 1747197361
    [ip] => ::1
    [teacher_id] => 1
)

Teacher ID from session: 1
2025-05-14 06:36:02 - API: classes.php
Session ID: dajm75p4aqfp1062cajn91rpre
Session data: Array
(
    [user_id] => 16
    [username] => vananh
    [role] => teacher
    [last_activity] => 1747197361
    [ip] => ::1
    [teacher_id] => 1
)

Teacher ID from session: 1
2025-05-14 18:06:38 - API: classes.php
Session ID: nlhn7t6i1t2gl55ilc6hiehf2t
Session data: Array
(
    [user_id] => 16
    [username] => vananh
    [role] => teacher
    [last_activity] => 1747238792
    [ip] => ::1
    [teacher_id] => 1
)

Teacher ID from session: 1
2025-05-14 18:06:38 - API: classes.php
Session ID: nlhn7t6i1t2gl55ilc6hiehf2t
Session data: Array
(
    [user_id] => 16
    [username] => vananh
    [role] => teacher
    [last_activity] => 1747238792
    [ip] => ::1
    [teacher_id] => 1
)

Teacher ID from session: 1
2025-05-14 18:06:40 - API: classes.php
Session ID: nlhn7t6i1t2gl55ilc6hiehf2t
Session data: Array
(
    [user_id] => 16
    [username] => vananh
    [role] => teacher
    [last_activity] => 1747238792
    [ip] => ::1
    [teacher_id] => 1
)

Teacher ID from session: 1
2025-05-14 18:06:40 - API: classes.php
Session ID: nlhn7t6i1t2gl55ilc6hiehf2t
Session data: Array
(
    [user_id] => 16
    [username] => vananh
    [role] => teacher
    [last_activity] => 1747238792
    [ip] => ::1
    [teacher_id] => 1
)

Teacher ID from session: 1
2025-05-14 18:34:12 - API: classes.php
Session ID: ssajujl3brdj15b1ekt6he5rkq
Session data: Array
(
    [user_id] => 16
    [username] => vananh
    [role] => teacher
    [last_activity] => 1747240451
    [ip] => ::1
    [teacher_id] => 1
)

Teacher ID from session: 1
2025-05-14 18:34:12 - API: classes.php
Session ID: ssajujl3brdj15b1ekt6he5rkq
Session data: Array
(
    [user_id] => 16
    [username] => vananh
    [role] => teacher
    [last_activity] => 1747240451
    [ip] => ::1
    [teacher_id] => 1
)

Teacher ID from session: 1
2025-05-14 18:34:16 - API: classes.php
Session ID: ssajujl3brdj15b1ekt6he5rkq
Session data: Array
(
    [user_id] => 16
    [username] => vananh
    [role] => teacher
    [last_activity] => 1747240451
    [ip] => ::1
    [teacher_id] => 1
)

Teacher ID from session: 1
2025-05-14 18:34:16 - API: classes.php
Session ID: ssajujl3brdj15b1ekt6he5rkq
Session data: Array
(
    [user_id] => 16
    [username] => vananh
    [role] => teacher
    [last_activity] => 1747240451
    [ip] => ::1
    [teacher_id] => 1
)

Teacher ID from session: 1
2025-05-14 18:48:54 - API: classes.php
Session ID: ssajujl3brdj15b1ekt6he5rkq
Session data: Array
(
    [user_id] => 16
    [username] => vananh
    [role] => teacher
    [last_activity] => 1747240451
    [ip] => ::1
    [teacher_id] => 1
)

Teacher ID from session: 1
2025-05-14 18:48:54 - API: classes.php
Session ID: ssajujl3brdj15b1ekt6he5rkq
Session data: Array
(
    [user_id] => 16
    [username] => vananh
    [role] => teacher
    [last_activity] => 1747240451
    [ip] => ::1
    [teacher_id] => 1
)

Teacher ID from session: 1
2025-05-15 03:19:39 - API: classes.php
Session ID: 2lpvdn4rqc0ngf9cvbdj77pfke
Session data: Array
(
    [user_id] => 16
    [username] => vananh
    [role] => teacher
    [last_activity] => 1747271978
    [ip] => 127.0.0.1
    [teacher_id] => 1
)

Teacher ID from session: 1
2025-05-15 03:19:39 - API: classes.php
Session ID: 2lpvdn4rqc0ngf9cvbdj77pfke
Session data: Array
(
    [user_id] => 16
    [username] => vananh
    [role] => teacher
    [last_activity] => 1747271978
    [ip] => 127.0.0.1
    [teacher_id] => 1
)

Teacher ID from session: 1
2025-05-15 03:19:53 - API: classes.php
Session ID: 2lpvdn4rqc0ngf9cvbdj77pfke
Session data: Array
(
    [user_id] => 16
    [username] => vananh
    [role] => teacher
    [last_activity] => 1747271978
    [ip] => 127.0.0.1
    [teacher_id] => 1
)

Teacher ID from session: 1
2025-05-15 03:19:53 - API: classes.php
Session ID: 2lpvdn4rqc0ngf9cvbdj77pfke
Session data: Array
(
    [user_id] => 16
    [username] => vananh
    [role] => teacher
    [last_activity] => 1747271978
    [ip] => 127.0.0.1
    [teacher_id] => 1
)

Teacher ID from session: 1
2025-05-15 03:32:38 - API: classes.php
Session ID: 2lpvdn4rqc0ngf9cvbdj77pfke
Session data: Array
(
    [user_id] => 16
    [username] => vananh
    [role] => teacher
    [last_activity] => 1747271978
    [ip] => 127.0.0.1
    [teacher_id] => 1
)

Teacher ID from session: 1
2025-05-15 03:32:38 - API: classes.php
Session ID: 2lpvdn4rqc0ngf9cvbdj77pfke
Session data: Array
(
    [user_id] => 16
    [username] => vananh
    [role] => teacher
    [last_activity] => 1747271978
    [ip] => 127.0.0.1
    [teacher_id] => 1
)

Teacher ID from session: 1
2025-05-15 03:50:10 - API: classes.php
Session ID: ap0189hmov1vrpcb2v8lme6sre
Session data: Array
(
    [user_id] => 16
    [username] => vananh
    [role] => teacher
    [last_activity] => 1747273808
    [ip] => ::1
    [teacher_id] => 1
)

Teacher ID from session: 1
2025-05-15 03:50:10 - API: classes.php
Session ID: ap0189hmov1vrpcb2v8lme6sre
Session data: Array
(
    [user_id] => 16
    [username] => vananh
    [role] => teacher
    [last_activity] => 1747273808
    [ip] => ::1
    [teacher_id] => 1
)

Teacher ID from session: 1
2025-05-15 03:50:11 - API: classes.php
Session ID: ap0189hmov1vrpcb2v8lme6sre
Session data: Array
(
    [user_id] => 16
    [username] => vananh
    [role] => teacher
    [last_activity] => 1747273808
    [ip] => ::1
    [teacher_id] => 1
)

Teacher ID from session: 1
2025-05-15 03:50:11 - API: classes.php
Session ID: ap0189hmov1vrpcb2v8lme6sre
Session data: Array
(
    [user_id] => 16
    [username] => vananh
    [role] => teacher
    [last_activity] => 1747273808
    [ip] => ::1
    [teacher_id] => 1
)

Teacher ID from session: 1
2025-05-15 04:28:51 - API: classes.php
Session ID: ap0189hmov1vrpcb2v8lme6sre
Session data: Array
(
    [user_id] => 16
    [username] => vananh
    [role] => teacher
    [last_activity] => 1747273808
    [ip] => ::1
    [teacher_id] => 1
)

Teacher ID from session: 1
2025-05-15 04:28:51 - API: classes.php
Session ID: ap0189hmov1vrpcb2v8lme6sre
Session data: Array
(
    [user_id] => 16
    [username] => vananh
    [role] => teacher
    [last_activity] => 1747273808
    [ip] => ::1
    [teacher_id] => 1
)

Teacher ID from session: 1
2025-05-15 04:29:26 - API: classes.php
Session ID: ap0189hmov1vrpcb2v8lme6sre
Session data: Array
(
    [user_id] => 16
    [username] => vananh
    [role] => teacher
    [last_activity] => 1747273808
    [ip] => ::1
    [teacher_id] => 1
)

Teacher ID from session: 1
2025-05-15 04:29:26 - API: classes.php
Session ID: ap0189hmov1vrpcb2v8lme6sre
Session data: Array
(
    [user_id] => 16
    [username] => vananh
    [role] => teacher
    [last_activity] => 1747273808
    [ip] => ::1
    [teacher_id] => 1
)

Teacher ID from session: 1
2025-05-15 04:29:30 - API: classes.php
Session ID: ap0189hmov1vrpcb2v8lme6sre
Session data: Array
(
    [user_id] => 16
    [username] => vananh
    [role] => teacher
    [last_activity] => 1747273808
    [ip] => ::1
    [teacher_id] => 1
)

Teacher ID from session: 1
2025-05-15 04:29:30 - API: classes.php
Session ID: ap0189hmov1vrpcb2v8lme6sre
Session data: Array
(
    [user_id] => 16
    [username] => vananh
    [role] => teacher
    [last_activity] => 1747273808
    [ip] => ::1
    [teacher_id] => 1
)

Teacher ID from session: 1
2025-05-15 04:36:48 - API: classes.php
Session ID: ap0189hmov1vrpcb2v8lme6sre
Session data: Array
(
    [user_id] => 16
    [username] => vananh
    [role] => teacher
    [last_activity] => 1747273808
    [ip] => ::1
    [teacher_id] => 1
)

Teacher ID from session: 1
2025-05-15 04:36:48 - API: classes.php
Session ID: ap0189hmov1vrpcb2v8lme6sre
Session data: Array
(
    [user_id] => 16
    [username] => vananh
    [role] => teacher
    [last_activity] => 1747273808
    [ip] => ::1
    [teacher_id] => 1
)

Teacher ID from session: 1
2025-05-15 04:36:50 - API: classes.php
Session ID: ap0189hmov1vrpcb2v8lme6sre
Session data: Array
(
    [user_id] => 16
    [username] => vananh
    [role] => teacher
    [last_activity] => 1747273808
    [ip] => ::1
    [teacher_id] => 1
)

Teacher ID from session: 1
2025-05-15 04:36:50 - API: classes.php
Session ID: ap0189hmov1vrpcb2v8lme6sre
Session data: Array
(
    [user_id] => 16
    [username] => vananh
    [role] => teacher
    [last_activity] => 1747273808
    [ip] => ::1
    [teacher_id] => 1
)

Teacher ID from session: 1
