2025-04-23 05:54:38 - Bắt đầu cập nhật mật khẩu cho tất cả tài khoản...
2025-04-23 05:54:38 - Kết nối cơ sở dữ liệu thành công!
2025-04-23 05:54:38 - Đã tìm thấy 8 tài khoản.
2025-04-23 05:54:38 - Đã cập nhật mật khẩu thành công cho tài khoản: admin (Role: admin)
2025-04-23 05:54:38 - Kiểm tra xác thực với mật khẩu 'admin123' cho admin: THÀNH CÔNG
2025-04-23 05:54:38 - Đã cập nhật mật khẩu thành công cho tài khoản: sv001 (Role: student)
2025-04-23 05:54:38 - Kiểm tra xác thực với mật khẩu 'admin123' cho sv001: THÀNH CÔNG
2025-04-23 05:54:38 - Đã cập nhật mật khẩu thành công cho tài khoản: sv002 (Role: student)
2025-04-23 05:54:38 - Kiểm tra xác thực với mật khẩu 'admin123' cho sv002: THÀNH CÔNG
2025-04-23 05:54:39 - Đã cập nhật mật khẩu thành công cho tài khoản: sv003 (Role: student)
2025-04-23 05:54:39 - Kiểm tra xác thực với mật khẩu 'admin123' cho sv003: THÀNH CÔNG
2025-04-23 05:54:39 - Đã cập nhật mật khẩu thành công cho tài khoản: sv004 (Role: student)
2025-04-23 05:54:39 - Kiểm tra xác thực với mật khẩu 'admin123' cho sv004: THÀNH CÔNG
2025-04-23 05:54:39 - Đã cập nhật mật khẩu thành công cho tài khoản: sv005 (Role: student)
2025-04-23 05:54:39 - Kiểm tra xác thực với mật khẩu 'admin123' cho sv005: THÀNH CÔNG
2025-04-23 05:54:39 - Đã cập nhật mật khẩu thành công cho tài khoản: teacher1 (Role: manager)
2025-04-23 05:54:39 - Kiểm tra xác thực với mật khẩu 'admin123' cho teacher1: THÀNH CÔNG
2025-04-23 05:54:39 - Đã cập nhật mật khẩu thành công cho tài khoản: teacher2 (Role: manager)
2025-04-23 05:54:39 - Kiểm tra xác thực với mật khẩu 'admin123' cho teacher2: THÀNH CÔNG
2025-04-23 05:54:39 - Quá trình cập nhật hoàn tất.
